/lib64/libBrokenLocale-2.16.so	1	184.00	472.00	368.00	1024.00
/lib64/libacl.so.1.1.0	50	110.88	49.12	50.88	55.04
/lib64/libanl-2.16.so	4	94.00	146.00	128.00	284.00
/lib64/libattr.so.1.1.0	26	94.77	45.85	41.85	63.38
/lib64/libaudit.so.1.0.0	66	166.30	57.58	57.94	59.03
/lib64/libblkid.so.1.1.0	98	198.37	50.12	50.69	48.41
/lib64/libbz2.so.1.0.6	24	129.00	61.00	51.67	73.67
/lib64/libc-2.16.so	2146	94.10	31.20	28.44	28.37
/lib64/libcap-ng.so.0.0.0	19	144.42	76.21	70.32	94.74
/lib64/libcap.so.2.16	24	92.67	47.33	45.67	67.00
/lib64/libcidn-2.16.so	2	152.00	264.00	216.00	532.00
/lib64/libcom_err.so.2.1	20	123.20	71.20	64.00	89.20
/lib64/libcrypt-2.16.so	12	80.67	56.67	49.33	98.00
/lib64/libcrypto.so.1.0.0j	3929	153.62	32.58	31.05	27.95
/lib64/libcryptsetup.so.4.1.0	57	168.84	55.44	54.46	55.72
/lib64/libdb-4.7.so	48	145.67	49.50	49.17	54.17
/lib64/libdbus-1.so.3.7.2	233	219.33	46.39	47.18	39.35
/lib64/libdevmapper-event.so.1.00	24	205.33	70.00	65.00	81.33
/lib64/libdevmapper.so.1.00	262	163.97	45.68	45.59	40.43
/lib64/libdisk.so.0.0.0	14	149.14	80.57	73.14	111.43
/lib64/libdl-2.16.so	10	62.40	73.60	60.00	122.40
/lib64/libe2p.so.2.3	33	119.27	56.24	53.82	66.91
/lib64/libebtc.so.0.0.0	87	139.40	54.62	53.98	53.15
/lib64/libevent-2.0.so.5.1.8	497	181.65	43.86	43.20	38.65
/lib64/libevent_core-2.0.so.5.1.8	296	181.00	48.35	47.43	43.41
/lib64/libevent_extra-2.0.so.5.1.8	201	182.61	42.95	43.86	38.89
/lib64/libevent_openssl-2.0.so.5.1.8	6	229.33	144.00	132.00	225.33
/lib64/libevent_pthreads-2.0.so.5.1.8	1	176.00	472.00	336.00	984.00
/lib64/libexpat.so.1.6.0	81	182.42	61.43	59.16	58.77
/lib64/libext2fs.so.2.4	512	189.34	36.86	36.98	29.86
/lib64/libfuse.so.2.9.2	176	143.27	38.41	38.64	35.64
/lib64/libgcc_s.so.1	130	107.14	39.88	35.20	38.58
/lib64/libglib-1.2.so.0.0.10	405	140.17	39.03	38.28	33.92
/lib64/libglib-2.0.so.0.3400.3	1563	163.39	35.62	34.74	30.74
/lib64/libgmodule-1.2.so.0.0.10	8	136.00	105.00	96.00	170.00
/lib64/libgssapi_krb5.so.2.2	156	170.51	58.10	55.08	54.10
/lib64/libgssglue.so.1.0.0	51	156.39	70.75	65.57	71.22
/lib64/libgthread-1.2.so.0.0.10	1	112.00	432.00	304.00	960.00
/lib64/libhandle.so.1.0.3	22	131.64	62.18	58.55	80.36
/lib64/libhistory.so.5.2	47	149.96	57.36	59.23	65.19
/lib64/libip4tc.so.0.1.0	30	128.80	59.73	56.53	70.40
/lib64/libip6tc.so.0.1.0	31	137.29	61.94	59.87	72.00
/lib64/libiw.so.29	45	131.91	62.22	63.11	67.91
/lib64/libk5crypto.so.3.1	103	163.96	46.76	46.91	45.05
/lib64/libkeyutils.so.1.4	29	140.69	65.66	63.45	77.24
/lib64/libkmod.so.2.2.2	71	201.80	51.38	51.61	50.48
/lib64/libkrb5.so.3.3	646	184.28	40.06	40.38	34.39
/lib64/libkrb5support.so.0.1	83	166.65	52.63	50.80	50.31
/lib64/liblber-2.4.so.2.8.4	134	118.09	36.72	36.48	36.06
/lib64/libldap-2.4.so.2.8.4	424	155.23	40.17	39.00	33.81
/lib64/liblvm2app.so.2.2	74	139.78	44.97	45.62	46.38
/lib64/liblzma.so.5.0.4	93	169.29	42.24	42.15	40.09
/lib64/libm-2.16.so	395	68.42	21.55	18.53	20.82
/lib64/libmount.so.1.1.0	228	169.61	39.44	40.74	35.51
/lib64/libnatspec.so.0.0.0	21	193.90	88.38	80.38	101.71
/lib64/libnetlink.so	39	117.95	58.87	55.59	65.85
/lib64/libnsl-2.16.so	128	118.31	44.62	43.50	42.69
/lib64/libnss_compat-2.16.so	15	179.73	65.60	61.33	97.60
/lib64/libnss_db-2.16.so	43	158.70	39.81	39.81	48.93
/lib64/libnss_dns-2.16.so	9	200.89	88.89	74.67	141.33
/lib64/libnss_files-2.16.so	67	187.82	37.73	40.60	40.96
/lib64/libnss_hesiod-2.16.so	17	194.35	72.00	65.88	95.53
/lib64/libnss_nis-2.16.so	57	173.19	39.02	40.28	43.93
/lib64/libnss_nisplus-2.16.so	56	204.71	40.00	42.71	44.57
/lib64/libnss_tcb.so.2	4	152.00	150.00	120.00	278.00
/lib64/libnss_winbind.so.2	29	175.17	63.17	61.52	75.31
/lib64/libnss_wins.so.2	2628	153.26	41.04	38.64	35.37
/lib64/libntfs-3g.so.83.0.0	328	162.68	46.46	45.20	40.78
/lib64/libpam.so.0.83.1	40	143.40	55.80	54.00	62.80
/lib64/libpam_misc.so.0.82.0	11	161.45	92.36	79.27	130.91
/lib64/libpamc.so.0.82.1	6	98.67	110.67	98.67	198.67
/lib64/libpasswdqc.so.0	5	153.60	136.00	112.00	236.80
/lib64/libpcre.so.3.15.0	30	141.60	63.47	60.00	73.33
/lib64/libpcreposix.so.3.15.0	4	146.00	144.00	118.00	276.00
/lib64/libpopt.so.0.0.0	31	126.71	67.35	62.97	77.16
/lib64/libproc-3.2.8.so	65	104.62	53.42	53.78	56.25
/lib64/libpthread-2.16.so	228	153.12	37.37	37.16	33.30
/lib64/libpwquality.so.1.0.1	11	177.45	98.91	88.00	137.45
/lib64/libreadline.so.5.2	533	153.23	44.01	44.64	39.88
/lib64/libresolv-2.16.so	97	104.58	43.46	41.90	43.22
/lib64/librt-2.16.so	40	96.00	51.20	47.40	58.20
/lib64/libsasl2.so.2.0.24	147	139.97	47.18	45.99	43.54
/lib64/libselinux.so.1	220	163.60	44.58	44.04	40.11
/lib64/libss.so.2.0	34	128.71	63.53	62.35	73.18
/lib64/libssl.so.1.0.0j	508	164.77	39.48	39.39	34.06
/lib64/libsysfs.so.2.0.1	82	159.80	43.61	43.51	42.54
/lib64/libsystemd-login.so.0.3.10	27	157.63	63.41	59.85	75.26
/lib64/libtcb.so.0.9.8	7	114.29	104.00	85.71	174.86
/lib64/libthread_db-1.0.so	40	130.40	54.40	54.40	61.40
/lib64/libtinfo.so.5.7	167	94.99	42.06	42.11	41.15
/lib64/libtirpc.so.1.0.10	280	117.57	40.34	39.43	37.54
/lib64/libudev.so.0.13.1	87	212.78	51.68	53.15	49.10
/lib64/libudev.so.1.2.0	87	212.32	50.94	52.51	48.55
/lib64/libusb-0.1.so.4.4.4	28	132.57	66.57	66.29	79.71
/lib64/libusb-1.0.so.0.1.0	59	195.53	62.92	63.05	63.59
/lib64/libutil-2.16.so	6	62.67	94.67	77.33	182.67
/lib64/libuuid.so.1.3.0	17	124.24	64.00	61.18	90.82
/lib64/libwrap.so.7.6	36	95.56	60.67	60.89	70.44
/lib64/libxcmd.so.0.0.0	47	94.13	49.02	49.53	56.68
/lib64/libxfs.so.0.0.0	381	155.09	39.56	39.94	34.98
/lib64/libxlog.so.0.0.0	17	122.35	80.94	76.24	105.41
/lib64/libxtables.so.9.0.0	64	164.38	52.88	53.25	54.25
/lib64/libz.so.1.2.7	75	92.27	42.67	40.11	44.59
/lib64/libzio.so.0.99	2	60.00	196.00	136.00	468.00
/usr/lib64/lib3dkit.so.1.9.25	39	91.90	53.33	51.28	62.97
/usr/lib64/libBPM.so.0.0.0	20	198.40	98.00	88.80	113.60
/usr/lib64/libCMakeLib.so	6051	431.81	43.80	45.21	40.75
/usr/lib64/libCPackLib.so	385	423.69	61.78	60.65	54.63
/usr/lib64/libColPack.so.0.0.0	767	529.47	62.72	62.92	54.61
/usr/lib64/libDCOP.so.4.2.0	596	280.15	45.13	46.72	40.72
/usr/lib64/libEGL.so.1.0.0	158	150.73	51.24	49.92	47.75
/usr/lib64/libFLAC++.so.6.2.0	439	352.95	47.98	49.35	42.08
/usr/lib64/libFLAC.so.8.2.0	426	305.01	57.39	53.46	47.25
/usr/lib64/libFS.so.6.0.0	32	122.50	69.00	61.50	76.50
/usr/lib64/libGLEW.so.1.5.6	2478	209.41	31.85	31.00	26.09
/usr/lib64/libGLEW.so.1.7.0	2603	210.07	32.37	31.27	26.25
/usr/lib64/libGLEWmx.so.1.7.0	2110	207.61	29.25	28.02	22.94
/usr/lib64/libGLU.so.1.3.070004	59	129.76	56.95	53.83	57.90
/usr/lib64/libGLU.so.1.3.1	59	129.76	56.95	53.83	57.90
/usr/lib64/libGeoIP.so.1.4.8	109	178.06	45.43	44.18	40.88
/usr/lib64/libGeoIPUpdate.so.0.0.0	19	134.32	93.89	84.21	110.74
/usr/lib64/libGraphicsMagick.so.3.10.0	904	146.52	40.86	39.67	36.37
/usr/lib64/libGraphicsMagickWand.so.2.5.1	390	175.96	40.04	38.22	34.65
/usr/lib64/libHUpnp.so.1.0.0	2512	463.49	40.80	42.76	38.34
/usr/lib64/libHYPRE.so.0.2.6	6153	226.99	34.92	34.61	28.78
/usr/lib64/libHalf.so.6.0.0	12	134.00	92.67	79.33	127.33
/usr/lib64/libICE.so.6.3.0	130	163.82	57.29	53.78	53.23
/usr/lib64/libIDL-0.6.so.0.4.4	160	146.15	46.90	46.50	43.85
/usr/lib64/libIDL-2.so.0.0.0	182	143.82	45.63	44.84	41.63
/usr/lib64/libIIOP.so.0.5.17	59	197.02	67.66	63.32	64.95
/usr/lib64/libIPMIlanserv.so.0.0.1	36	147.33	65.56	65.11	72.44
/usr/lib64/libIex.so.6.0.0	743	187.37	22.09	17.94	18.01
/usr/lib64/libIlmImf.so.6.0.0	1638	368.68	40.03	41.03	34.74
/usr/lib64/libIlmThread.so.6.0.0	82	237.76	50.93	49.27	49.66
/usr/lib64/libImath.so.6.0.0	66	233.21	52.85	46.42	52.12
/usr/lib64/libImlib.so.1.9.15	160	164.55	39.70	38.40	35.60
/usr/lib64/libImlib2.so.1.4.5	217	219.17	49.03	47.59	42.10
/usr/lib64/libLASi.so.1.0.0	189	627.09	78.48	74.07	69.25
/usr/lib64/libMagick++.so.5.0.0	2325	299.01	31.26	30.89	26.63
/usr/lib64/libMagickCore.so.5.0.0	1324	144.55	37.85	36.93	33.35
/usr/lib64/libMagickWand.so.5.0.0	698	167.74	36.46	34.88	30.70
/usr/lib64/libMonoPosixHelper.so	542	191.53	42.15	40.86	36.62
/usr/lib64/libMonoSupportW.so	248	180.97	45.71	44.29	39.16
/usr/lib64/libMrm.so.4.0.3	329	145.58	38.81	37.30	37.16
/usr/lib64/libORBit-2.so.0.1.0	997	238.63	43.68	43.50	37.84
/usr/lib64/libORBit-imodule-2.so.0.0.0	12	223.33	126.67	110.67	152.00
/usr/lib64/libORBit.so.0.5.17	677	236.44	38.82	39.86	32.91
/usr/lib64/libORBitCosNaming-2.so.0.1.0	64	330.50	56.75	54.62	53.62
/usr/lib64/libORBitCosNaming.so.0.5.17	76	268.42	54.11	52.53	51.37
/usr/lib64/libORBitutil.so.0.5.17	7	155.43	125.71	100.57	188.57
/usr/lib64/libOpenIPMI.so.0.0.5	1786	236.66	35.66	34.88	28.53
/usr/lib64/libOpenIPMIcmdlang.so.0.0.5	89	181.84	42.61	45.03	41.89
/usr/lib64/libOpenIPMIglib.so.0.0.1	2	204.00	288.00	232.00	552.00
/usr/lib64/libOpenIPMIposix.so.0.0.1	22	179.27	69.82	66.18	85.09
/usr/lib64/libOpenIPMIpthread.so.0.0.1	22	199.64	72.00	68.00	86.55
/usr/lib64/libOpenIPMItcl.so.0.0.1	2	164.00	280.00	224.00	544.00
/usr/lib64/libOpenIPMIui.so.1.0.1	142	123.04	44.28	44.56	41.97
/usr/lib64/libOpenIPMIutils.so.0.0.1	91	156.40	46.07	45.27	44.75
/usr/lib64/libQt3Support.so.4.8.4	5641	283.15	41.23	42.36	36.50
/usr/lib64/libQtCLucene.so.4.8.4	560	279.73	38.11	38.36	35.54
/usr/lib64/libQtCore.so.4.8.4	4079	285.60	45.12	45.22	40.62
/usr/lib64/libQtDBus.so.4.8.4	429	326.99	52.72	52.87	49.17
/usr/lib64/libQtDeclarative.so.4.8.4	2233	368.11	43.50	45.04	41.39
/usr/lib64/libQtDesigner.so.4.8.4	4670	433.12	40.89	43.75	37.87
/usr/lib64/libQtDesignerComponents.so.4.8.4	15	486.40	179.73	146.67	180.80
/usr/lib64/libQtGui.so.4.8.4	13757	308.10	40.67	41.26	36.01
/usr/lib64/libQtHelp.so.4.8.4	292	320.63	53.78	55.67	48.77
/usr/lib64/libQtMultimedia.so.4.8.4	309	295.79	48.62	48.78	43.96
/usr/lib64/libQtNetwork.so.4.8.4	1259	309.22	44.54	46.59	40.50
/usr/lib64/libQtOpenGL.so.4.8.4	778	332.45	51.26	51.93	46.07
/usr/lib64/libQtScript.so.4.8.4	459	338.18	51.56	52.13	48.92
/usr/lib64/libQtScriptTools.so.4.8.4	30	336.27	101.33	94.67	104.27
/usr/lib64/libQtSql.so.4.8.4	469	284.76	48.73	50.06	43.36
/usr/lib64/libQtSvg.so.4.8.4	153	293.59	60.65	60.50	54.38
/usr/lib64/libQtTest.so.4.8.4	169	272.47	69.59	66.93	61.87
/usr/lib64/libQtUiTools.so.4.8.4	1392	439.59	39.36	43.30	35.28
/usr/lib64/libQtWebKit.so.4.9.3	893	325.17	59.84	60.97	53.33
/usr/lib64/libQtXml.so.4.8.4	483	290.75	46.56	46.66	41.41
/usr/lib64/libQtXmlPatterns.so.4.8.4	283	297.13	55.27	54.50	48.54
/usr/lib64/libR.so	1095	102.63	40.12	37.05	36.59
/usr/lib64/libSDL-1.2.so.0.11.3	199	123.98	44.86	42.29	40.96
/usr/lib64/libSDL_Pango.so.1.1.0	32	209.00	83.50	74.75	86.75
/usr/lib64/libSDL_gfx.so.13.9.1	183	163.02	45.16	41.22	39.61
/usr/lib64/libSDL_image-1.2.so.0.8.4	45	102.22	41.78	38.93	48.53
/usr/lib64/libSDL_mixer-1.2.so.0.10.1	254	120.47	47.12	44.47	42.52
/usr/lib64/libSDL_net-1.2.so.0.8.0	38	145.47	59.58	53.47	63.58
/usr/lib64/libSDL_sound-1.0.so.1.0.2	118	123.12	56.20	52.41	53.15
/usr/lib64/libSDL_ttf-2.0.so.0.10.0	43	149.21	60.47	55.63	64.00
/usr/lib64/libSM.so.6.0.1	47	140.43	64.68	61.62	67.40
/usr/lib64/libSegFault.so	1	208.00	496.00	392.00	1040.00
/usr/lib64/libSoundTouch.so.0.0.0	187	318.55	55.14	53.69	47.83
/usr/lib64/libTECkit.so.0.0.0	77	178.18	62.44	59.74	61.92
/usr/lib64/libTECkit_Compiler.so.0.0.0	208	510.31	83.58	78.50	71.27
/usr/lib64/libUil.so.4.0.3	432	138.39	42.63	42.46	38.54
/usr/lib64/libWN.so.3.0.0	82	90.24	51.12	51.41	52.88
/usr/lib64/libX11-xcb.so.1.0.0	2	152.00	296.00	244.00	556.00
/usr/lib64/libX11.so.6.3.0	1232	141.79	39.19	38.14	35.37
/usr/lib64/libXRes.so.1.0.0	5	168.00	153.60	121.60	246.40
/usr/lib64/libXau.so.6.0.0	8	116.00	106.00	90.00	167.00
/usr/lib64/libXaw3d.so.8.0	243	149.04	48.63	46.09	44.15
/usr/lib64/libXaw7.so.7.0.0	252	159.59	50.29	49.46	46.16
/usr/lib64/libXcomposite.so.1.0.0	14	211.43	109.71	96.00	133.71
/usr/lib64/libXcursor.so.1.0.2	62	177.29	47.61	44.13	46.97
/usr/lib64/libXdamage.so.1.1.0	9	141.33	109.33	92.44	160.89
/usr/lib64/libXdmcp.so.6.0.0	42	142.48	52.57	48.19	56.19
/usr/lib64/libXevie.so.1.0.0	5	112.00	144.00	118.40	240.00
/usr/lib64/libXext.so.6.4.0	135	151.64	55.64	52.33	52.15
/usr/lib64/libXfixes.so.3.1.0	38	173.47	66.74	63.58	73.47
/usr/lib64/libXfont.so.1.4.1	222	152.90	56.50	55.28	52.22
/usr/lib64/libXfontcache.so.1.0.0	5	206.40	164.80	134.40	259.20
/usr/lib64/libXft.so.2.3.1	77	132.57	50.29	46.13	49.66
/usr/lib64/libXi.so.6.1.0	82	143.12	51.71	50.44	50.54
/usr/lib64/libXinerama.so.1.0.0	10	174.40	107.20	92.80	151.20
/usr/lib64/libXm.so.4.0.3	3190	165.72	36.30	35.83	31.73
/usr/lib64/libXmu.so.6.2.0	152	147.16	58.16	54.42	54.89
/usr/lib64/libXmuu.so.1.0.0	11	168.73	122.18	109.82	160.00
/usr/lib64/libXp.so.6.2.0	45	124.98	64.18	61.87	69.16
/usr/lib64/libXpm.so.4.11.0	67	152.72	52.66	50.15	51.94
/usr/lib64/libXrandr.so.2.2.0	65	155.69	51.57	50.71	51.57
/usr/lib64/libXrender.so.1.3.0	47	183.66	66.21	61.62	67.74
/usr/lib64/libXss.so.1.0.0	11	192.00	104.00	93.82	142.55
/usr/lib64/libXt.so.6.0.0	480	148.13	42.63	42.47	38.23
/usr/lib64/libXtst.so.6.1.0	29	176.00	85.52	77.24	91.86
/usr/lib64/libXv.so.1.0.0	23	124.17	75.48	67.13	90.09
/usr/lib64/libXvMC.so.1.0.0	11	167.27	110.55	92.36	145.45
/usr/lib64/libXvMCW.so.1.0.0	35	152.69	64.00	57.37	68.57
/usr/lib64/libXxf86dga.so.1.0.0	37	152.22	74.59	69.84	78.70
/usr/lib64/libXxf86misc.so.1.1.0	10	184.80	116.80	100.00	156.00
/usr/lib64/libXxf86vm.so.1.0.0	22	194.18	78.91	68.73	90.55
/usr/lib64/liba52.so.0.0.0	18	114.22	70.67	65.33	94.22
/usr/lib64/libaa.so.1.0.4	118	104.27	41.69	40.41	41.90
/usr/lib64/libaacs.so.0.2.1	12	120.67	84.67	76.67	124.00
/usr/lib64/libadolc.so.1.1.1	421	151.89	46.57	43.04	40.89
/usr/lib64/libakonadi-calendar.so.4.10.0	42	589.90	145.90	127.81	129.90
/usr/lib64/libakonadi-contact.so.4.10.0	489	431.72	49.21	49.55	43.35
/usr/lib64/libakonadi-kabc.so.4.10.0	2	272.00	368.00	284.00	592.00
/usr/lib64/libakonadi-kcal.so.4.10.0	29	388.69	92.41	79.45	92.97
/usr/lib64/libakonadi-kde.so.4.10.0	2659	397.62	40.56	42.73	35.19
/usr/lib64/libakonadi-kmime.so.4.10.0	277	410.14	63.97	61.78	55.25
/usr/lib64/libakonadi-notes.so.4.10.0	47	480.51	100.09	90.89	90.04
/usr/lib64/libakonadi-socialutils.so.4.10.0	78	362.36	75.90	71.69	69.95
/usr/lib64/libakonadiprotocolinternals.so.1.9.0	163	372.61	78.63	75.39	69.45
/usr/lib64/libalsatoss.so.0.0.0	18	160.44	75.56	66.22	93.33
/usr/lib64/libamd.so.2.3.1	27	91.26	45.33	42.96	59.56
/usr/lib64/libampe.so.1.3.0	29	96.55	43.31	41.38	58.76
/usr/lib64/libao.so.2.1.3	19	105.68	70.74	69.47	93.89
/usr/lib64/libao.so.4.0.0	14	121.14	82.29	81.71	117.71
/usr/lib64/libaosd-text.so.2.0.0	9	199.11	112.89	101.33	164.44
/usr/lib64/libaosd.so.2.0.0	27	137.78	66.67	66.07	78.81
/usr/lib64/libaoss.so.0.0.0	28	58.86	38.57	34.00	56.00
/usr/lib64/libapr-1.so.0.4.6	476	153.46	38.92	37.03	33.78
/usr/lib64/libaprutil-1.so.0.5.1	299	163.21	43.77	41.74	38.29
/usr/lib64/libapt-pkg-libc6.9-6.so.2.1.0	1787	307.10	44.62	44.92	39.74
/usr/lib64/libarchive.so.2.8.5	267	214.59	38.86	38.92	32.84
/usr/lib64/libarpack_LINUX.so.96	333	61.57	21.38	16.41	22.27
/usr/lib64/libarpack_LINUX_Carley.so.96	333	61.57	21.29	16.72	22.32
/usr/lib64/libarprec.so.0.0.0	347	161.89	41.01	40.16	37.51
/usr/lib64/libarprec_f_main.so.0.0.0	1	40.00	336.00	224.00	896.00
/usr/lib64/libarprecmod.so.0.0.0	481	167.09	23.83	22.85	22.05
/usr/lib64/libart_lgpl_2.so.2.3.21	123	156.88	47.22	46.63	44.75
/usr/lib64/libasm-0.155.so	31	100.90	49.29	44.90	61.42
/usr/lib64/libasound.so.2.0.0	1578	217.08	30.94	31.48	25.44
/usr/lib64/libaspell.so.15.1.5	1421	340.14	46.25	47.29	41.29
/usr/lib64/libasrclient.so.0.0.0	8	185.00	117.00	107.00	176.00
/usr/lib64/libass.so.4.1.0	36	141.11	63.56	64.00	72.89
/usr/lib64/libassuan2.so.0.3.0	83	168.00	52.63	52.53	51.18
/usr/lib64/libasyncns.so.0.0.0	19	142.74	63.16	58.95	85.89
/usr/lib64/libatasmart.so.4.0.4	27	207.41	79.41	76.44	88.89
/usr/lib64/libatk-1.0.so.0.20609.1	256	212.47	45.91	44.56	39.62
/usr/lib64/libatk-bridge-2.0.so.0.0.0	2	204.00	304.00	232.00	552.00
/usr/lib64/libatkmm-1.6.so.1.1.0	1012	336.84	40.44	44.01	36.06
/usr/lib64/libatksharpglue-2.so	44	324.55	80.36	78.91	78.00
/usr/lib64/libatlas.so.3	2134	152.31	19.07	12.75	15.99
/usr/lib64/libatm.so.1.0.0	42	87.43	54.29	57.71	65.90
/usr/lib64/libatspi.so.0.0.1	310	223.25	45.21	45.14	39.35
/usr/lib64/libattica.so.0.3.0	2941	363.78	28.60	31.87	24.81
/usr/lib64/libattica.so.0.4.1	2105	354.52	30.76	34.62	26.55
/usr/lib64/libaudiofile.so.0.0.3	637	205.90	45.11	44.21	39.27
/usr/lib64/libavahi-client.so.3.2.9	62	228.77	54.71	55.23	52.77
/usr/lib64/libavahi-common.so.3.5.3	91	188.48	52.13	52.92	49.14
/usr/lib64/libavahi-core.so.7.0.2	292	209.59	44.77	45.95	37.64
/usr/lib64/libavahi-glib.so.1.0.2	4	164.00	164.00	130.00	288.00
/usr/lib64/libavahi-qt3.so.1.0.2	5	118.40	156.80	118.40	246.40
/usr/lib64/libavahi-ui-gtk3.so.0.1.4	27	257.48	65.19	60.74	74.37
/usr/lib64/libavahi-ui.so.0.1.4	27	257.48	65.19	60.74	74.37
/usr/lib64/libavc1394.so.0.3.0	45	169.42	60.98	59.38	64.89
/usr/lib64/libavcodec.so.53.35.0	156	169.54	50.41	49.90	46.15
/usr/lib64/libavformat.so.53.21.0	210	125.52	41.90	41.33	39.28
/usr/lib64/libavutil.so.51.22.1	182	121.89	43.16	42.81	40.40
/usr/lib64/libbHYPRE.so.0.2.6	6203	290.83	17.41	21.02	11.97
/usr/lib64/libbHYPREClient-C.so.0.2.6	3608	258.66	17.51	20.52	11.00
/usr/lib64/libbabl-0.1.so.0.109.1	136	148.47	42.94	42.82	39.24
/usr/lib64/libbeecrypt.so.7.0.0	390	105.54	32.66	30.73	29.87
/usr/lib64/libbfb.so.0.0.5	22	121.82	65.09	59.27	82.91
/usr/lib64/libbfd-2.23.51.0.1.so	875	193.33	44.33	44.25	37.90
/usr/lib64/libbind9.so.80.0.7	7	138.29	125.71	105.14	192.00
/usr/lib64/libbind9.so.90.0.5	7	138.29	125.71	105.14	192.00
/usr/lib64/libblacs.so.1.1	270	92.41	29.07	25.24	28.12
/usr/lib64/libblacsc.so.1.1	270	92.41	29.07	25.24	28.12
/usr/lib64/libblas.so.3	163	59.29	21.69	18.70	24.00
/usr/lib64/libblitz.so.0.0.0	50	248.00	57.60	48.64	58.24
/usr/lib64/libblktap.so.3.0.0	18	141.33	88.89	84.89	113.33
/usr/lib64/libblktapctl.so.1.0.0	32	142.50	61.25	58.25	70.00
/usr/lib64/libbluetooth.so.3.13.0	215	153.82	45.80	44.99	40.71
/usr/lib64/libbluray.so.1.2.0	90	172.27	54.22	51.73	50.84
/usr/lib64/libbonobo-2.so.0.0.0	1108	281.21	33.92	34.55	27.99
/usr/lib64/libbonobo-activation.so.4.0.0	211	305.33	53.08	51.98	46.14
/usr/lib64/libbonoboui-2.so.0.0.0	506	243.54	41.55	42.28	33.79
/usr/lib64/libboost_chrono-st.so.1.48.0	70	502.51	78.40	71.54	72.00
/usr/lib64/libboost_chrono-st.so.1.49.0	74	509.51	75.89	69.30	70.27
/usr/lib64/libboost_chrono-st.so.1.51.0	70	503.31	79.66	73.03	73.14
/usr/lib64/libboost_chrono-st.so.1.52.0	70	503.31	79.66	73.03	73.14
/usr/lib64/libboost_chrono.so.1.48.0	70	502.51	78.40	71.54	72.00
/usr/lib64/libboost_chrono.so.1.49.0	74	509.51	75.89	69.30	70.27
/usr/lib64/libboost_chrono.so.1.51.0	70	503.31	79.66	73.03	73.14
/usr/lib64/libboost_chrono.so.1.52.0	70	503.31	79.66	73.03	73.14
/usr/lib64/libboost_date_time-st.so.1.49.0	155	815.64	70.81	64.57	58.22
/usr/lib64/libboost_date_time-st.so.1.51.0	152	819.37	72.32	66.79	59.74
/usr/lib64/libboost_date_time-st.so.1.52.0	152	819.37	72.32	66.79	59.74
/usr/lib64/libboost_date_time.so.1.49.0	155	815.64	70.81	64.57	58.22
/usr/lib64/libboost_date_time.so.1.51.0	152	819.37	72.32	66.79	59.74
/usr/lib64/libboost_date_time.so.1.52.0	152	819.37	72.32	66.79	59.74
/usr/lib64/libboost_filesystem-st.so.1.51.0	161	494.66	74.29	74.19	68.27
/usr/lib64/libboost_filesystem-st.so.1.52.0	161	494.66	74.29	74.19	68.27
/usr/lib64/libboost_filesystem.so.1.51.0	161	494.66	74.29	74.19	68.27
/usr/lib64/libboost_filesystem.so.1.52.0	161	494.66	74.29	74.19	68.27
/usr/lib64/libboost_graph-st.so.1.49.0	705	752.12	63.13	64.07	55.50
/usr/lib64/libboost_graph-st.so.1.51.0	944	780.49	61.61	63.15	55.58
/usr/lib64/libboost_graph-st.so.1.52.0	944	780.49	61.61	63.15	55.58
/usr/lib64/libboost_graph.so.1.49.0	705	752.12	63.13	64.07	55.50
/usr/lib64/libboost_graph.so.1.51.0	944	780.49	61.61	63.15	55.58
/usr/lib64/libboost_graph.so.1.52.0	944	780.49	61.61	63.15	55.58
/usr/lib64/libboost_iostreams-st.so.1.49.0	382	536.84	41.63	46.22	38.53
/usr/lib64/libboost_iostreams-st.so.1.51.0	369	534.05	42.36	46.81	38.83
/usr/lib64/libboost_iostreams-st.so.1.52.0	369	534.05	42.36	46.81	38.83
/usr/lib64/libboost_iostreams.so.1.49.0	382	536.84	41.63	46.22	38.53
/usr/lib64/libboost_iostreams.so.1.51.0	369	534.05	42.36	46.81	38.83
/usr/lib64/libboost_iostreams.so.1.52.0	369	534.05	42.36	46.81	38.83
/usr/lib64/libboost_prg_exec_monitor-st.so.1.49.0	86	567.26	101.95	92.47	90.23
/usr/lib64/libboost_prg_exec_monitor-st.so.1.51.0	89	566.65	96.00	86.02	84.40
/usr/lib64/libboost_prg_exec_monitor-st.so.1.52.0	89	566.65	96.00	86.02	84.40
/usr/lib64/libboost_prg_exec_monitor.so.1.49.0	86	567.26	101.95	92.47	90.23
/usr/lib64/libboost_prg_exec_monitor.so.1.51.0	89	566.65	96.00	86.02	84.40
/usr/lib64/libboost_prg_exec_monitor.so.1.52.0	89	566.65	96.00	86.02	84.40
/usr/lib64/libboost_program_options-st.so.1.48.0	908	662.68	47.22	50.38	43.38
/usr/lib64/libboost_program_options-st.so.1.49.0	901	665.31	46.85	50.26	42.99
/usr/lib64/libboost_program_options-st.so.1.51.0	1018	669.56	48.44	51.72	45.19
/usr/lib64/libboost_program_options-st.so.1.52.0	1018	669.56	48.44	51.72	45.19
/usr/lib64/libboost_program_options.so.1.48.0	908	662.68	47.22	50.38	43.38
/usr/lib64/libboost_program_options.so.1.49.0	901	665.31	46.85	50.26	42.99
/usr/lib64/libboost_program_options.so.1.51.0	1018	669.56	48.44	51.72	45.19
/usr/lib64/libboost_program_options.so.1.52.0	1018	669.56	48.44	51.72	45.19
/usr/lib64/libboost_random-st.so.1.49.0	11	330.18	147.64	125.82	176.00
/usr/lib64/libboost_random-st.so.1.51.0	11	330.18	147.64	125.82	176.00
/usr/lib64/libboost_random-st.so.1.52.0	11	330.18	147.64	125.82	176.00
/usr/lib64/libboost_random.so.1.49.0	11	330.18	147.64	125.82	176.00
/usr/lib64/libboost_random.so.1.51.0	11	330.18	147.64	125.82	176.00
/usr/lib64/libboost_random.so.1.52.0	11	330.18	147.64	125.82	176.00
/usr/lib64/libboost_regex-st.so.1.48.0	1669	853.26	44.49	49.38	45.18
/usr/lib64/libboost_regex-st.so.1.49.0	1601	862.04	44.37	49.25	44.92
/usr/lib64/libboost_regex-st.so.1.51.0	1962	858.15	43.52	48.72	45.05
/usr/lib64/libboost_regex-st.so.1.52.0	1962	858.15	43.52	48.72	45.05
/usr/lib64/libboost_regex.so.1.48.0	1669	853.26	44.49	49.38	45.18
/usr/lib64/libboost_regex.so.1.49.0	1601	862.04	44.37	49.25	44.92
/usr/lib64/libboost_regex.so.1.51.0	1962	858.15	43.52	48.72	45.05
/usr/lib64/libboost_regex.so.1.52.0	1962	858.15	43.52	48.72	45.05
/usr/lib64/libboost_serialization-st.so.1.49.0	1195	1064.23	42.87	48.07	50.47
/usr/lib64/libboost_serialization-st.so.1.51.0	1343	1155.18	44.32	50.50	54.16
/usr/lib64/libboost_serialization-st.so.1.52.0	1343	1155.18	44.32	50.50	54.16
/usr/lib64/libboost_serialization.so.1.49.0	1195	1064.23	42.87	48.07	50.47
/usr/lib64/libboost_serialization.so.1.51.0	1343	1155.18	44.32	50.50	54.16
/usr/lib64/libboost_serialization.so.1.52.0	1343	1155.18	44.32	50.50	54.16
/usr/lib64/libboost_signals-st.so.1.49.0	250	559.68	57.22	58.05	51.10
/usr/lib64/libboost_signals-st.so.1.51.0	261	595.34	57.81	58.33	51.98
/usr/lib64/libboost_signals-st.so.1.52.0	262	594.50	57.65	58.20	51.85
/usr/lib64/libboost_signals.so.1.49.0	250	559.68	57.22	58.05	51.10
/usr/lib64/libboost_signals.so.1.51.0	261	595.34	57.81	58.33	51.98
/usr/lib64/libboost_signals.so.1.52.0	262	594.50	57.65	58.20	51.85
/usr/lib64/libboost_system-st.so.1.48.0	14	341.14	134.86	109.71	148.57
/usr/lib64/libboost_system-st.so.1.49.0	14	341.14	134.86	109.71	148.57
/usr/lib64/libboost_system-st.so.1.51.0	14	341.14	134.86	109.71	148.57
/usr/lib64/libboost_system-st.so.1.52.0	14	341.14	134.86	109.71	148.57
/usr/lib64/libboost_system.so.1.48.0	14	341.14	134.86	109.71	148.57
/usr/lib64/libboost_system.so.1.49.0	14	341.14	134.86	109.71	148.57
/usr/lib64/libboost_system.so.1.51.0	14	341.14	134.86	109.71	148.57
/usr/lib64/libboost_system.so.1.52.0	14	341.14	134.86	109.71	148.57
/usr/lib64/libboost_thread.so.1.48.0	334	543.33	43.11	48.53	37.27
/usr/lib64/libboost_thread.so.1.49.0	353	557.48	41.84	47.52	36.01
/usr/lib64/libboost_thread.so.1.51.0	435	542.34	46.03	50.39	40.72
/usr/lib64/libboost_thread.so.1.52.0	437	543.41	46.57	50.87	41.28
/usr/lib64/libboost_timer-st.so.1.49.0	30	319.20	93.07	80.80	93.87
/usr/lib64/libboost_timer-st.so.1.51.0	28	327.71	92.29	80.00	94.86
/usr/lib64/libboost_timer-st.so.1.52.0	28	327.71	92.29	80.00	94.86
/usr/lib64/libboost_timer.so.1.49.0	30	319.20	93.07	80.80	93.87
/usr/lib64/libboost_timer.so.1.51.0	28	327.71	92.29	80.00	94.86
/usr/lib64/libboost_timer.so.1.52.0	28	327.71	92.29	80.00	94.86
/usr/lib64/libboost_unit_test_framework-st.so.1.49.0	1738	649.90	40.29	42.49	38.79
/usr/lib64/libboost_unit_test_framework-st.so.1.51.0	1969	666.65	39.67	42.04	38.65
/usr/lib64/libboost_unit_test_framework-st.so.1.52.0	1969	666.60	39.54	42.02	38.63
/usr/lib64/libboost_unit_test_framework.so.1.49.0	1738	649.90	40.29	42.49	38.79
/usr/lib64/libboost_unit_test_framework.so.1.51.0	1969	666.65	39.67	42.04	38.65
/usr/lib64/libboost_unit_test_framework.so.1.52.0	1969	666.60	39.54	42.02	38.63
/usr/lib64/libboost_wserialization-st.so.1.49.0	723	1372.40	48.17	53.86	60.43
/usr/lib64/libboost_wserialization-st.so.1.51.0	797	1413.10	50.96	56.28	63.61
/usr/lib64/libboost_wserialization-st.so.1.52.0	797	1413.10	50.96	56.28	63.61
/usr/lib64/libboost_wserialization.so.1.49.0	723	1372.40	48.17	53.86	60.43
/usr/lib64/libboost_wserialization.so.1.51.0	797	1413.10	50.96	56.28	63.61
/usr/lib64/libboost_wserialization.so.1.52.0	797	1413.10	50.96	56.28	63.61
/usr/lib64/libboundparam.so.1.0.0	21	114.67	84.57	80.38	101.71
/usr/lib64/libbtf.so.1.2.0	6	109.33	110.67	85.33	189.33
/usr/lib64/libbtparse.so	185	97.04	42.46	40.56	39.96
/usr/lib64/libcaca++.so.0.99.17	101	197.15	67.17	64.87	63.37
/usr/lib64/libcaca.so.0.99.17	368	158.50	35.02	34.93	30.15
/usr/lib64/libcairo-gobject.so.2.11200.8	32	269.00	67.00	67.25	75.25
/usr/lib64/libcairo-script-interpreter.so.2.11200.8	10	285.60	124.00	112.00	159.20
/usr/lib64/libcairo.so.2.11200.8	406	217.10	39.88	40.24	33.02
/usr/lib64/libcairomm-1.0.so.1.4.0	575	322.95	51.71	52.01	44.49
/usr/lib64/libcamd.so.2.3.1	27	97.48	45.04	42.37	59.26
/usr/lib64/libcanberra-gtk.so.0.1.9	7	210.29	137.14	121.14	201.14
/usr/lib64/libcanberra-gtk3.so.0.1.9	7	210.29	137.14	121.14	201.14
/usr/lib64/libcanberra.so.0.2.5	71	157.18	51.38	52.39	52.06
/usr/lib64/libcares.so.2.0.0	43	134.51	56.56	53.77	61.58
/usr/lib64/libcblas.so.3	162	97.73	21.98	19.60	22.57
/usr/lib64/libccolamd.so.2.8.0	23	128.35	54.96	50.09	70.61
/usr/lib64/libcdaudio.so.1.0.0	109	139.89	46.90	46.17	44.70
/usr/lib64/libcdb.so.0.77	19	91.37	53.47	49.68	77.89
/usr/lib64/libcdda_interface.so.0.10.2	54	121.63	55.85	54.07	59.85
/usr/lib64/libcdda_paranoia.so.0.10.2	58	108.28	51.03	52.83	55.03
/usr/lib64/libcddb.so.2.2.3	195	155.12	42.50	40.37	37.62
/usr/lib64/libcdio.so.12.0.0	218	153.76	42.24	41.17	37.32
/usr/lib64/libcdio_cdda.so.0.0.5	22	181.82	75.27	73.45	91.27
/usr/lib64/libcdio_paranoia.so.0.0.3	9	173.33	106.67	89.78	156.44
/usr/lib64/libcdt.so.5.0.0	31	63.74	44.13	42.84	57.81
/usr/lib64/libcelt0.so.1.0.0	21	145.90	60.19	54.48	76.57
/usr/lib64/libcfitsio.so.3.0.0	1188	82.97	27.59	23.14	25.17
/usr/lib64/libcgraph.so.6.0.0	207	92.64	36.87	35.32	35.40
/usr/lib64/libchaco2.so.2.2.0	422	94.58	41.02	38.84	38.50
/usr/lib64/libchasmlite-1.4.0.so	16	206.00	102.50	89.00	120.50
/usr/lib64/libcheck.so.0.0.0	39	127.38	58.46	58.46	65.64
/usr/lib64/libchm.so.0.0.0	11	106.91	91.64	83.64	134.55
/usr/lib64/libcholmod.so.2.0.1	276	160.17	27.62	29.86	24.55
/usr/lib64/libck-connector.so.0.0.0	8	207.00	116.00	107.00	177.00
/usr/lib64/libclucene-core.so.2.3.3.4	5543	565.65	35.83	37.93	35.30
/usr/lib64/libclucene-shared.so.2.3.3.4	143	338.35	88.62	83.24	78.04
/usr/lib64/libclucene.so.0.0.0	3837	486.18	37.07	37.16	34.77
/usr/lib64/libclutter-1.0.so.0.1200.2	1599	238.23	35.79	35.40	27.72
/usr/lib64/libclutter-gtk-1.0.so.0.0.0	23	234.09	85.57	81.39	94.61
/usr/lib64/libcmcompress.so	6	157.33	117.33	96.00	198.67
/usr/lib64/libcmsys.so	452	417.01	70.39	69.35	60.55
/usr/lib64/libcmsys_c.so	43	194.79	72.19	64.74	73.67
/usr/lib64/libcmumps.so.4.10.0	649	178.39	25.07	21.29	23.75
/usr/lib64/libcmumps_seq.so.4.10.0	649	178.39	25.07	21.29	23.75
/usr/lib64/libcogl-pango.so.0.0.0	16	258.00	100.50	96.00	119.50
/usr/lib64/libcogl.so.11.0.3	719	211.34	39.02	38.80	30.93
/usr/lib64/libcolamd.so.2.8.0	13	115.69	67.08	59.69	103.38
/usr/lib64/libcolord.so.1.0.15	311	196.37	35.58	36.37	30.48
/usr/lib64/libconfig++.so.9.1.2	267	261.81	40.99	40.96	37.78
/usr/lib64/libconfig.so.9.1.2	96	181.25	42.75	42.33	41.08
/usr/lib64/libconfuse.so.0.0.0	105	118.70	37.64	37.71	37.64
/usr/lib64/libconnectionmanager.so.0.0.0	133	313.26	61.29	58.53	55.28
/usr/lib64/libcord.so.1.0.3	77	115.32	42.91	42.81	44.16
/usr/lib64/libcppunit-1.12.so.1.0.0	795	356.76	47.51	47.02	40.56
/usr/lib64/libcrack.so.2.8.1	28	72.57	62.57	58.29	76.00
/usr/lib64/libcroco-0.6.so.3.0.1	412	196.12	39.86	39.83	34.23
/usr/lib64/libcryptopp.so.6.0.0	13524	765.74	34.13	37.19	37.68
/usr/lib64/libcsparse.so.3.1.1	64	75.62	34.38	35.00	40.62
/usr/lib64/libct.so.4.0.0	74	90.70	40.86	40.76	45.19
/usr/lib64/libctpp2.so.2.7.1	1605	287.80	38.26	35.92	32.07
/usr/lib64/libcups.so.2	478	124.50	38.28	37.27	35.25
/usr/lib64/libcupscgi.so.1	42	118.67	64.38	61.14	70.10
/usr/lib64/libcupsimage.so.2	14	162.29	82.86	74.29	113.71
/usr/lib64/libcupsmime.so.1	23	108.52	52.17	49.39	72.00
/usr/lib64/libcupsppdc.so.1	229	217.78	41.29	42.93	38.88
/usr/lib64/libcurl.so.4.2.0	58	134.76	43.45	44.14	47.31
/usr/lib64/libcxsparse.so.3.1.1	260	99.51	20.22	16.86	20.65
/usr/lib64/libdaemon.so.0.5.0	33	152.73	57.70	55.76	66.67
/usr/lib64/libdaplcma.so.1.0.2	2	144.00	252.00	192.00	512.00
/usr/lib64/libdaplscm.so.1.0.2	2	144.00	252.00	192.00	512.00
/usr/lib64/libdat.so.1.0.2	73	132.49	45.92	46.68	46.36
/usr/lib64/libdb1.so.2	12	83.33	67.33	62.67	112.00
/usr/lib64/libdb_int-4.7.so	1694	146.48	31.91	31.51	27.45
/usr/lib64/libdbi.so.0.1.0	175	182.49	40.59	40.78	36.94
/usr/lib64/libdbus-glib-1.so.2.2.2	93	228.56	58.49	57.89	54.62
/usr/lib64/libdbus-qt-1.so.1.0.0	216	314.52	50.96	50.41	45.48
/usr/lib64/libdbusmenu-qt.so.2.6.0	62	319.23	85.16	82.06	79.74
/usr/lib64/libdc1394.so.22.1.5	324	215.60	48.79	45.16	40.77
/usr/lib64/libdca.so.0.0.0	90	111.20	31.38	30.13	33.60
/usr/lib64/libdesignercore.so.1.0.0	7632	303.21	32.43	34.09	29.72
/usr/lib64/libdevmapper-event-lvm2.so.2.02	7	156.57	109.71	85.71	176.00
/usr/lib64/libdialog.so.0.0.0	153	128.31	44.71	44.60	42.46
/usr/lib64/libdirac_decoder.so.0.1.0	1110	364.65	45.28	45.12	39.55
/usr/lib64/libdirac_encoder.so.0.1.0	1423	370.20	45.89	45.66	40.42
/usr/lib64/libdirect-1.1.so.0.0.0	108	169.85	53.11	50.81	48.89
/usr/lib64/libdirectfb-1.1.so.0.0.0	439	190.89	46.21	45.21	39.85
/usr/lib64/libdiscid.so.0.2.1	24	146.33	76.67	73.00	91.67
/usr/lib64/libdjvulibre.so.21.1.0	3222	320.17	40.04	40.74	34.68
/usr/lib64/libdmtx.so.0.0.0	69	154.67	57.97	53.33	56.81
/usr/lib64/libdmumps.so.4.10.0	649	178.39	25.12	21.19	23.74
/usr/lib64/libdmumps_seq.so.4.10.0	649	178.39	25.12	21.19	23.74
/usr/lib64/libdmx.so.1.0.0	18	151.11	84.89	74.67	104.89
/usr/lib64/libdnet.so.1.0.1	88	82.27	34.18	34.36	35.82
/usr/lib64/libdns.so.88.1.1	1183	165.04	36.83	35.16	31.13
/usr/lib64/libdns.so.95.1.1	1226	165.25	36.59	35.17	31.07
/usr/lib64/libdns_sd.so.1.0.0	29	168.28	82.76	76.69	91.59
/usr/lib64/libdricore9.0.1.so.1.0.0	2877	249.27	43.25	42.19	38.15
/usr/lib64/libdrm.so.2.4.0	147	126.59	46.80	45.33	44.79
/usr/lib64/libdrm_intel.so.1.0.0	72	220.33	63.22	67.22	62.44
/usr/lib64/libdrm_nouveau.so.2.0.0	42	151.81	54.10	50.29	59.05
/usr/lib64/libdrm_radeon.so.1.0.1	62	151.35	53.81	53.29	54.97
/usr/lib64/libdv.so.4.0.3	164	149.32	51.90	51.12	47.41
/usr/lib64/libdvbpsi.so.7.0.0	152	175.58	40.84	40.68	36.68
/usr/lib64/libdvdcss.so.2.1.0	9	112.89	90.67	80.00	145.78
/usr/lib64/libdvdnav.so.4.1.2	123	166.57	50.34	49.63	46.11
/usr/lib64/libdvdread.so.4.1.2	76	128.63	48.11	44.84	47.37
/usr/lib64/libdw-0.155.so	168	147.05	41.90	42.38	39.71
/usr/lib64/libebml.so.4	506	309.93	42.74	43.16	36.41
/usr/lib64/libedit.so.0.0.35	404	117.39	39.54	39.88	36.24
/usr/lib64/libeditor.so.1.0.0	496	266.94	49.97	51.19	44.73
/usr/lib64/libelf-0.155.so	106	109.51	34.19	33.28	34.42
/usr/lib64/libenca.so.0.5.1	79	166.48	61.16	55.90	57.22
/usr/lib64/libenchant.so.1.6.0	57	205.05	62.74	59.09	59.93
/usr/lib64/libepub.so.0.2.1	122	128.85	46.43	45.31	43.80
/usr/lib64/libesd.so.0.2.39	62	137.68	53.81	52.65	54.71
/usr/lib64/libesddsp.so.0.2.39	12	59.33	63.33	57.33	106.67
/usr/lib64/libesmtp.so.6.1.6	165	129.02	45.77	44.65	42.96
/usr/lib64/libesmumps.so.0	194	145.36	38.97	36.99	36.12
/usr/lib64/libesoobS.so.1.0.0	2	140.00	296.00	236.00	556.00
/usr/lib64/libev.so.4.0.0	94	120.60	42.81	42.89	43.32
/usr/lib64/libevdocument3.so.4.0.0	308	227.35	44.52	45.17	38.86
/usr/lib64/libevview3.so.3.0.0	215	212.35	46.14	45.99	40.30
/usr/lib64/libexif.so.12.3.3	129	166.82	37.64	39.50	35.16
/usr/lib64/libexiv2.so.11.0.0	1467	369.82	44.59	44.28	37.85
/usr/lib64/libexpect5.45.so	286	131.94	46.49	44.62	42.69
/usr/lib64/libexslt.so.0.8.15	18	164.00	68.00	61.33	91.11
/usr/lib64/libf77refblas.so.3	150	56.43	20.80	18.56	23.89
/usr/lib64/libfaad.so.2.0.0	122	128.85	58.23	56.26	54.43
/usr/lib64/libfam.so.0.0.0	16	113.50	75.00	71.00	106.00
/usr/lib64/libfbclient.so.2.1.4	259	139.03	38.83	37.84	33.73
/usr/lib64/libfbembed.so.2.1.4	260	138.86	38.62	37.97	33.82
/usr/lib64/libffado.so.2.1.0	5252	370.07	38.32	37.57	33.96
/usr/lib64/libffi.so.5.0.10	38	142.53	53.05	48.21	58.95
/usr/lib64/libfftw.so.2.0.7	214	158.13	28.52	31.07	27.21
/usr/lib64/libfftw3.so.3.3.2	198	166.18	30.63	32.24	27.96
/usr/lib64/libfftw3_mpi.so.3.3.2	754	174.16	28.06	28.42	23.77
/usr/lib64/libfftw3_mpi_threads.so.3.3.2	18	196.44	83.56	76.89	100.00
/usr/lib64/libfftw3_omp.so.3.3.2	9	181.33	88.00	77.33	138.67
/usr/lib64/libfftw3_threads.so.3.3.2	9	181.33	88.00	77.33	138.67
/usr/lib64/libfftw3l_mpi.so.3.3.2	752	181.29	28.29	28.67	23.83
/usr/lib64/libfftw3l_mpi_threads.so.3.3.2	18	201.78	84.00	79.56	101.78
/usr/lib64/libfftw3m.so.3.3.2	630	166.83	27.95	28.24	23.99
/usr/lib64/libfftw3ml.so.3.3.2	628	173.76	28.17	28.37	24.13
/usr/lib64/libfftw_threads.so.2.0.7	13	168.00	86.15	79.38	118.15
/usr/lib64/libfiat.so.0	231	697.39	88.62	80.17	77.19
/usr/lib64/libflask.so.1.0.0	19	140.63	71.16	65.68	92.63
/usr/lib64/libflite.so.1.5.4	592	121.31	36.14	35.41	32.46
/usr/lib64/libflite_cmu_time_awb.so.1.5.4	18	181.78	75.56	67.56	95.11
/usr/lib64/libflite_cmu_us_awb.so.1.5.4	313	218.96	20.75	20.60	22.42
/usr/lib64/libflite_cmu_us_kal.so.1.5.4	9	137.78	90.67	75.56	143.11
/usr/lib64/libflite_cmu_us_kal16.so.1.5.4	8	152.00	102.00	82.00	159.00
/usr/lib64/libflite_cmu_us_rms.so.1.5.4	313	218.96	20.96	20.58	22.44
/usr/lib64/libflite_cmu_us_slt.so.1.5.4	313	218.96	20.75	20.58	22.44
/usr/lib64/libflite_cmulex.so.1.5.4	16	142.00	73.00	69.50	101.50
/usr/lib64/libflite_usenglish.so.1.5.4	43	104.74	58.05	59.53	67.16
/usr/lib64/libfontconfig.so.1.6.2	200	133.36	41.40	39.88	38.64
/usr/lib64/libfontenc.so.1.0.0	15	132.27	75.20	70.40	106.13
/usr/lib64/libform.so.5.7	96	114.17	46.17	43.92	44.83
/usr/lib64/libformw.so.5.7	97	114.39	46.52	44.29	45.20
/usr/lib64/libfpx.so.1.0.30	2130	260.60	49.38	47.47	43.93
/usr/lib64/libfreebl3.so	9	136.89	114.67	99.56	165.33
/usr/lib64/libfreebob.so.0.1.0	1232	336.66	38.21	38.67	35.53
/usr/lib64/libfreetype.so.6.10.0	259	152.56	48.25	46.30	43.00
/usr/lib64/libfribidi.so.0.3.1	46	200.17	61.91	59.13	63.13
/usr/lib64/libfsimage.so.1.0.0	30	116.00	54.93	50.67	66.67
/usr/lib64/libft.so.0.0.0	758	143.42	22.98	22.18	21.54
/usr/lib64/libfusion-1.1.so.0.0.0	107	172.19	44.56	45.98	43.29
/usr/lib64/libg2c.so.0.0.0	416	68.38	28.65	26.27	27.54
/usr/lib64/libgailutil-3.so.0.0.0	13	235.69	119.38	108.31	144.62
/usr/lib64/libgailutil.so.18.0.1	14	233.71	113.14	105.71	137.71
/usr/lib64/libgamin-1.so.0.1.10	16	113.50	75.00	71.00	106.00
/usr/lib64/libganglia-3.1.7.so.0.0.0	135	153.42	56.30	55.64	52.21
/usr/lib64/libgbm.so.1.0.0	31	158.71	70.45	69.42	79.23
/usr/lib64/libgc.so.1.0.3	419	160.67	45.80	45.27	40.00
/usr/lib64/libgccpp.so.1.0.3	4	52.00	120.00	82.00	248.00
/usr/lib64/libgcj-tools.so.11.0.0	3535	591.40	46.95	50.48	40.02
/usr/lib64/libgcj.so.11.0.0	65991	546.91	48.85	48.37	41.87
/usr/lib64/libgconf-2.so.4.1.5	315	196.34	38.63	39.82	32.33
/usr/lib64/libgcrypt.so.11.7.0	195	143.59	38.15	38.52	34.75
/usr/lib64/libgd.so.2.0.35	197	131.90	42.11	39.92	38.50
/usr/lib64/libgda-4.0.so.4.1.0	1011	234.97	39.81	40.15	33.20
/usr/lib64/libgda-report-4.0.so.4.1.0	18	257.33	91.56	85.33	107.11
/usr/lib64/libgda-xslt-4.0.so.4.1.0	11	203.64	120.73	112.00	157.09
/usr/lib64/libgdal.so.1.15.0	13865	264.71	39.77	36.84	33.48
/usr/lib64/libgdbm.so.3.0.0	32	108.75	56.50	56.50	70.00
/usr/lib64/libgdbm_compat.so.3.0.0	17	75.76	55.53	49.41	84.24
/usr/lib64/libgdiplus.so.0.0.0	584	181.77	39.95	37.88	33.60
/usr/lib64/libgdk-1.2.so.0.9.1	397	159.94	42.22	42.50	37.36
/usr/lib64/libgdk-3.so.0.600.4	569	208.55	43.50	44.49	37.60
/usr/lib64/libgdk-x11-2.0.so.0.2400.14	780	196.98	41.48	41.63	35.34
/usr/lib64/libgdk_imlib.so.1.9.15	109	197.50	50.86	47.63	47.49
/usr/lib64/libgdk_pixbuf-2.0.so.0.2600.5	116	222.07	49.86	50.97	46.28
/usr/lib64/libgdk_pixbuf.so.2.0.0	62	199.61	56.65	56.77	57.16
/usr/lib64/libgdk_pixbuf_xlib-2.0.so.0.2600.5	31	195.10	75.61	74.06	83.87
/usr/lib64/libgdkglext-x11-1.0.so.0.0.0	1354	258.15	33.87	33.44	27.92
/usr/lib64/libgdkmm-2.4.so.1.1.0	1258	316.72	46.94	49.42	41.78
/usr/lib64/libgdksharpglue-2.so	136	303.53	55.82	54.41	49.12
/usr/lib64/libgdl-1.so.3.0.0	108	207.04	52.96	52.89	49.41
/usr/lib64/libgegl-0.2.so.0.199.1	535	192.81	41.69	41.64	34.23
/usr/lib64/libgeoclue.so.0.0.0	100	300.56	58.56	54.96	49.92
/usr/lib64/libgeos-3.4.0dev.so	4450	494.74	47.09	48.34	42.61
/usr/lib64/libgeos_c.so.1.8.0	419	199.58	43.89	38.26	35.74
/usr/lib64/libgetfem.so.4.0.2	7934	581.15	44.32	46.44	44.00
/usr/lib64/libgettextlib-0.18.1.so	240	125.40	44.80	43.93	40.97
/usr/lib64/libgettextpo.so.0.5.1	322	235.98	45.17	46.29	39.35
/usr/lib64/libgettextsrc-0.18.1.so	206	161.90	49.48	49.51	45.05
/usr/lib64/libgflags.so.2.1.0	113	402.34	106.34	97.42	92.04
/usr/lib64/libgflags_nothreads.so.2.1.0	111	402.95	106.67	97.73	92.25
/usr/lib64/libgfortran.so.3.0.0	1206	191.20	20.95	18.80	16.30
/usr/lib64/libgif.so.4.1.6	54	118.37	56.74	53.63	59.70
/usr/lib64/libgij.so.11.0.0	1	40.00	336.00	224.00	896.00
/usr/lib64/libgimp-2.0.so.0.800.2	832	202.58	37.48	36.33	29.43
/usr/lib64/libgimpbase-2.0.so.0.800.2	155	191.95	54.50	53.78	49.39
/usr/lib64/libgimpcolor-2.0.so.0.800.2	79	154.43	45.16	45.27	45.27
/usr/lib64/libgimpconfig-2.0.so.0.800.2	65	221.66	56.74	58.09	54.89
/usr/lib64/libgimpmath-2.0.so.0.800.2	70	177.26	42.74	39.31	42.63
/usr/lib64/libgimpmodule-2.0.so.0.800.2	17	188.24	79.06	73.41	101.65
/usr/lib64/libgimpthumb-2.0.so.0.800.2	30	212.53	63.20	63.20	74.67
/usr/lib64/libgimpui-2.0.so.0.800.2	82	250.15	56.98	52.59	49.37
/usr/lib64/libgimpwidgets-2.0.so.0.800.2	409	225.88	44.01	42.74	35.50
/usr/lib64/libgio-2.0.so.0.3400.3	1707	231.66	37.01	36.27	31.18
/usr/lib64/libgiomm-2.4.so.1.3.0	4735	400.50	36.79	40.07	32.93
/usr/lib64/libgirepository-1.0.so.1.0.0	199	221.91	48.32	49.09	42.89
/usr/lib64/libgksu2.so.0.0.2	66	168.12	51.52	48.97	49.82
/usr/lib64/libglade-2.0.so.0.0.7	38	197.26	72.21	72.63	78.53
/usr/lib64/libgladesharpglue-2.so	4	234.00	202.00	172.00	328.00
/usr/lib64/libgladeui-1.so.11.1.2	637	232.59	42.56	42.94	34.44
/usr/lib64/libglapi.so.0.0.0	35	150.40	67.66	65.83	74.74
/usr/lib64/libglibmm-2.4.so.1.3.0	1766	317.34	49.54	48.88	42.53
/usr/lib64/libglibmm_generate_extra_defs-2.4.so.1.3.0	8	228.00	176.00	165.00	233.00
/usr/lib64/libglibsharpglue-2.so	27	226.67	90.37	89.78	99.26
/usr/lib64/libglitz-glx.so.1.0.0	9	237.33	132.44	122.67	178.67
/usr/lib64/libglitz.so.1.0.0	101	195.09	50.14	52.51	47.52
/usr/lib64/libgloox.so.8.0.0	2665	367.12	38.79	39.79	34.45
/usr/lib64/libglut.so.3.9.0	238	142.99	46.76	44.64	43.26
/usr/lib64/libgmodule-2.0.so.0.3400.3	8	136.00	105.00	96.00	170.00
/usr/lib64/libgmp.so.10.0.5	421	128.19	29.72	28.54	25.14
/usr/lib64/libgmp.so.3.5.2	359	125.84	30.06	29.50	25.87
/usr/lib64/libgmpxx.so.4.2.5	12	292.00	168.67	157.33	192.67
/usr/lib64/libgnome-2.so.0.3200.1	97	211.05	60.29	58.31	55.18
/usr/lib64/libgnome-desktop-2.so.17.1.5	151	238.46	52.82	53.56	46.04
/usr/lib64/libgnome-keyring.so.0.2.0	159	238.99	47.70	46.19	41.56
/usr/lib64/libgnomecanvas-2.so.0.3000.3	143	233.23	49.85	49.06	43.97
/usr/lib64/libgnomecups-1.0.so.1.0.0	90	239.29	52.36	55.56	49.60
/usr/lib64/libgnomeprint-2-2.so.0.1.0	649	193.85	39.72	38.78	33.94
/usr/lib64/libgnomeprintui-2-2.so.0.1.0	111	249.66	58.38	56.07	50.74
/usr/lib64/libgnomesharpglue-2.so	129	328.99	55.94	54.08	48.68
/usr/lib64/libgnomeui-2.so.0.2400.5	551	233.19	42.86	42.60	34.64
/usr/lib64/libgnomevfs-2.so.0.2400.4	520	251.05	42.48	43.46	34.85
/usr/lib64/libgnutls-extra.so.26.22.5	23	221.91	86.26	83.83	97.04
/usr/lib64/libgnutls.so.26.22.5	683	232.15	37.10	37.43	29.70
/usr/lib64/libgnutlsxx.so.27.0.0	239	365.76	60.45	62.06	53.96
/usr/lib64/libgobject-2.0.so.0.3400.3	414	186.84	39.63	39.25	34.40
/usr/lib64/libgoffice-0.8.so.8.0.17	1629	185.27	40.70	38.35	34.45
/usr/lib64/libgoffice-light-0.8.so.8.0.5	1614	185.26	40.82	38.42	34.54
/usr/lib64/libgomp.so.1.0.0	132	174.24	35.15	33.52	30.67
/usr/lib64/libgoocanvas.so.3.5.0	260	249.45	43.32	43.11	36.40
/usr/lib64/libgoom2.so.0.0.0	39	156.72	61.74	60.31	68.72
/usr/lib64/libgoto2p-r1.13.so	8839	148.88	14.01	7.96	13.58
/usr/lib64/libgpg-error.so.0.8.0	9	143.11	89.78	80.00	145.78
/usr/lib64/libgpgme++-pthread.so.2.8.0	841	353.60	49.69	50.15	42.81
/usr/lib64/libgpgme++.so.2.8.0	841	353.60	49.69	50.15	42.81
/usr/lib64/libgpgme-pthread.so.11.8.1	153	172.08	41.83	40.78	37.39
/usr/lib64/libgpgme.so.11.8.1	153	172.08	41.83	40.78	37.39
/usr/lib64/libgphoto2.so.2.4.0	184	168.52	42.83	42.83	38.09
/usr/lib64/libgphoto2.so.6.0.0	185	168.30	43.72	43.50	38.70
/usr/lib64/libgphoto2_port.so.0.8.0	66	161.21	53.09	51.76	53.45
/usr/lib64/libgphoto2_port.so.10.0.0	72	161.56	49.67	48.00	49.78
/usr/lib64/libgpm.so.1.19.0	44	98.36	55.82	54.00	63.09
/usr/lib64/libgraph.so.5.0.0	116	76.55	35.03	33.45	36.00
/usr/lib64/libgs.so.9.05	5769	156.67	40.47	37.51	35.93
/usr/lib64/libgsf-1.so.114.0.25	309	188.87	42.38	42.02	36.35
/usr/lib64/libgsm.so.1.0.10	46	99.83	50.61	45.57	55.13
/usr/lib64/libgssrpc.so.4.1	142	183.94	45.46	44.17	41.30
/usr/lib64/libgstapp-0.10.so.0.25.0	33	199.52	56.73	53.58	62.79
/usr/lib64/libgstapp-1.0.so.0.5.0	30	200.00	59.47	55.73	66.40
/usr/lib64/libgstaudio-0.10.so.0.25.0	138	245.80	52.46	50.32	45.80
/usr/lib64/libgstaudio-1.0.so.0.5.0	168	256.29	50.29	48.86	42.52
/usr/lib64/libgstbase-0.10.so.0.30.0	270	225.78	37.81	38.64	31.85
/usr/lib64/libgstbase-1.0.so.0.5.0	245	227.89	39.77	40.33	33.53
/usr/lib64/libgstbasecamerabinsrc-0.10.so.23.0.0	12	264.00	111.33	104.67	143.33
/usr/lib64/libgstbasevideo-0.10.so.23.0.0	48	278.67	69.33	68.33	69.50
/usr/lib64/libgstcdda-0.10.so.0.25.0	3	232.00	221.33	184.00	386.67
/usr/lib64/libgstcheck-0.10.so.0.30.0	75	155.31	58.24	57.81	57.28
/usr/lib64/libgstcheck-1.0.so.0.5.0	77	156.88	57.66	57.35	56.62
/usr/lib64/libgstcodecparsers-0.10.so.23.0.0	42	240.00	69.90	65.71	70.48
/usr/lib64/libgstcontroller-0.10.so.0.30.0	51	247.37	52.55	51.76	52.71
/usr/lib64/libgstcontroller-1.0.so.0.5.0	21	292.19	89.52	82.67	98.67
/usr/lib64/libgstdataprotocol-0.10.so.0.30.0	17	184.00	87.06	80.47	108.24
/usr/lib64/libgstfft-0.10.so.0.25.0	21	149.71	52.95	44.95	69.33
/usr/lib64/libgstfft-1.0.so.0.5.0	21	149.71	52.95	44.95	69.33
/usr/lib64/libgstinterfaces-0.10.so.0.25.0	126	246.79	52.38	47.43	44.89
/usr/lib64/libgstnet-0.10.so.0.30.0	8	219.00	117.00	103.00	175.00
/usr/lib64/libgstnet-1.0.so.0.5.0	14	225.14	97.14	86.86	122.29
/usr/lib64/libgstnetbuffer-0.10.so.0.25.0	11	221.82	90.18	81.45	133.09
/usr/lib64/libgstpbutils-0.10.so.0.25.0	142	283.32	52.51	51.72	45.35
/usr/lib64/libgstpbutils-1.0.so.0.5.0	144	282.89	51.89	51.50	45.00
/usr/lib64/libgstphotography-0.10.so.23.0.0	40	248.60	61.20	58.00	62.80
/usr/lib64/libgstreamer-0.10.so.0.30.0	1271	200.28	38.23	37.49	32.81
/usr/lib64/libgstreamer-1.0.so.0.5.0	1288	199.27	37.52	36.62	31.93
/usr/lib64/libgstriff-0.10.so.0.25.0	15	204.80	82.67	74.13	107.20
/usr/lib64/libgstriff-1.0.so.0.5.0	15	204.80	82.67	74.13	107.20
/usr/lib64/libgstrtp-0.10.so.0.25.0	135	249.84	45.21	44.80	39.88
/usr/lib64/libgstrtp-1.0.so.0.5.0	120	243.67	46.80	46.53	41.67
/usr/lib64/libgstrtsp-0.10.so.0.25.0	111	218.09	49.95	51.32	46.63
/usr/lib64/libgstrtsp-1.0.so.0.5.0	107	219.51	49.87	51.66	46.95
/usr/lib64/libgstsdp-0.10.so.0.25.0	77	213.40	41.87	42.49	39.38
/usr/lib64/libgstsdp-1.0.so.0.5.0	77	213.40	41.87	42.49	39.38
/usr/lib64/libgstsignalprocessor-0.10.so.23.0.0	2	296.00	344.00	304.00	604.00
/usr/lib64/libgsttag-0.10.so.0.25.0	51	236.55	72.16	67.76	69.33
/usr/lib64/libgsttag-1.0.so.0.5.0	52	236.31	71.08	67.38	69.08
/usr/lib64/libgstvideo-0.10.so.0.25.0	60	277.60	66.67	66.13	64.27
/usr/lib64/libgstvideo-1.0.so.0.5.0	196	266.57	51.27	49.80	43.88
/usr/lib64/libgtest.so.0.0.0	698	436.84	63.67	63.74	55.79
/usr/lib64/libgtest_main.so.0.0.0	1	40.00	336.00	224.00	896.00
/usr/lib64/libgthread-2.0.so.0.3400.3	2	208.00	320.00	252.00	568.00
/usr/lib64/libgtk-1.2.so.0.9.1	1418	192.48	37.76	37.29	32.35
/usr/lib64/libgtk-3.so.0.600.4	3936	232.74	34.46	33.40	28.23
/usr/lib64/libgtk-x11-2.0.so.0.2400.14	3941	226.35	34.43	33.65	28.28
/usr/lib64/libgtkglext-x11-1.0.so.0.0.0	15	180.27	99.73	90.13	124.27
/usr/lib64/libgtkhtml-2.so.0.0.0	685	222.18	43.71	42.35	36.91
/usr/lib64/libgtkimageview.so.0.0.0	88	212.73	60.27	57.09	53.73
/usr/lib64/libgtkmm-2.4.so.1.1.0	12543	338.54	35.69	36.65	30.31
/usr/lib64/libgtksharpglue-2.so	702	312.35	42.31	42.26	34.04
/usr/lib64/libgtksourceview-1.0.so.0.0.0	188	264.51	47.70	47.45	41.23
/usr/lib64/libgtkspell.so.0.0.0	9	167.11	116.44	109.33	170.67
/usr/lib64/libgtop-2.0.so.7.2.0	70	173.03	42.29	39.77	42.74
/usr/lib64/libgtrtst.so.1.0.0	3	98.67	197.33	157.33	368.00
/usr/lib64/libgts-0.7.so.5.0.1	429	171.52	39.76	39.50	34.07
/usr/lib64/libgudev-1.0.so.0.1.2	53	257.36	64.60	59.17	59.17
/usr/lib64/libguess.so.0.2.0	6	69.33	106.67	73.33	182.67
/usr/lib64/libguile-gettext.so.2.0	2	124.00	244.00	184.00	508.00
/usr/lib64/libguile-pipe.so.2.0	3	149.33	205.33	189.33	394.67
/usr/lib64/libguile-srfi-srfi-1-v-3.so.3.0.2	54	157.63	50.37	49.48	53.19
/usr/lib64/libguile-srfi-srfi-13-14-v-3.so.3.0.1	4	330.00	196.00	156.00	308.00
/usr/lib64/libguile-srfi-srfi-4-v-3.so.3.0.1	1	312.00	600.00	496.00	1128.00
/usr/lib64/libguile-srfi-srfi-60-v-2.so.2.0.2	7	204.57	144.00	133.71	212.57
/usr/lib64/libguile-vhttpd.so.0.1	1	128.00	432.00	320.00	976.00
/usr/lib64/libguile.so.17.3.1	2430	149.21	33.51	32.67	28.82
/usr/lib64/libguilereadline-v-17.so.17.0.3	11	169.45	95.27	90.91	137.45
/usr/lib64/libgusb.so.2.0.1	39	228.31	68.51	69.33	71.18
/usr/lib64/libgvc.so.6.0.0	460	102.35	41.62	39.81	37.70
/usr/lib64/libgvfsdaemon.so.0.0.0	187	241.03	49.67	50.27	42.74
/usr/lib64/libgvpr.so.2.0.0	253	70.17	35.00	33.36	34.37
/usr/lib64/libgxps.so.2.1.1	71	182.42	53.86	54.65	51.83
/usr/lib64/libh264util.so.0.0.0	1	256.00	536.00	416.00	1048.00
/usr/lib64/libharfbuzz.so.0.911.0	254	202.52	43.56	42.46	37.23
/usr/lib64/libhashkit.so.2.0.0	50	217.12	72.64	69.44	72.80
/usr/lib64/libhd.so.18.5	254	119.21	46.27	45.64	42.46
/usr/lib64/libhogweed.so.2.2	135	218.49	47.11	46.70	42.13
/usr/lib64/libhttp.so.0.0.0	23	142.61	90.78	88.35	104.00
/usr/lib64/libhunspell.so.2.0.1	326	244.88	62.53	64.32	56.69
/usr/lib64/libhyphen.so.0.2.0	16	130.50	65.50	58.50	94.00
/usr/lib64/libib_util.so	1	120.00	432.00	312.00	968.00
/usr/lib64/libibcommon.so.1.0.0	13	92.92	82.46	70.77	116.92
/usr/lib64/libibumad.so.3.0.1	30	112.80	50.93	50.40	65.07
/usr/lib64/libibverbs.so.1.0.0	97	151.09	42.97	43.88	42.39
/usr/lib64/libical.so.0.47.0	1056	202.40	31.42	30.63	25.55
/usr/lib64/libicalss.so.0.47.0	215	166.81	40.63	41.04	36.35
/usr/lib64/libicalvcal.so.0.47.0	107	113.35	48.67	46.13	46.88
/usr/lib64/libicudata.so.48.1.1	1	96.00	424.00	288.00	944.00
/usr/lib64/libicudata.so.50.1.1	1	96.00	424.00	288.00	944.00
/usr/lib64/libicui18n.so.48.1.1	3184	391.25	43.88	46.00	38.18
/usr/lib64/libicui18n.so.50.1.1	5697	388.96	41.29	42.24	35.59
/usr/lib64/libicuio.so.48.1.1	45	121.07	49.96	44.62	53.16
/usr/lib64/libicuio.so.50.1.1	68	131.06	51.53	47.53	50.94
/usr/lib64/libicule.so.48.1.1	143	408.28	69.48	65.40	59.13
/usr/lib64/libicule.so.50.1.1	686	452.09	49.07	51.11	42.86
/usr/lib64/libiculx.so.48.1.1	158	255.70	47.44	48.05	42.38
/usr/lib64/libiculx.so.50.1.1	183	254.60	46.69	48.17	41.97
/usr/lib64/libicutest.so.48.1.1	136	216.41	52.88	51.65	49.12
/usr/lib64/libicutest.so.50.1.1	156	208.72	54.87	53.28	50.97
/usr/lib64/libicutu.so.48.1.1	196	210.45	60.73	58.45	54.37
/usr/lib64/libicutu.so.50.1.1	260	232.77	61.38	59.45	54.22
/usr/lib64/libicuuc.so.48.1.1	2365	303.91	42.68	42.97	37.37
/usr/lib64/libicuuc.so.50.1.1	2982	311.23	43.00	42.91	37.44
/usr/lib64/libid3tag.so.0.3.0	142	145.97	41.07	39.49	37.01
/usr/lib64/libidn.so.11.6.9	76	157.58	46.95	43.26	46.11
/usr/lib64/libiec61883.so.0.1.0	115	200.83	43.20	42.71	38.12
/usr/lib64/libieee1284.so.3.2.2	37	164.11	59.03	57.51	66.38
/usr/lib64/libiksemel.so.3.1.1	119	111.60	38.79	38.39	38.39
/usr/lib64/libikvm-native.so	240	183.70	45.73	44.13	39.10
/usr/lib64/libilbc.so.1.0.1	78	101.64	58.36	55.69	57.44
/usr/lib64/libimlib-bmp.so	1	88.00	416.00	280.00	944.00
/usr/lib64/libimlib-gif.so	1	88.00	416.00	280.00	944.00
/usr/lib64/libimlib-jpeg.so	2	92.00	232.00	164.00	492.00
/usr/lib64/libimlib-png.so	4	98.00	136.00	110.00	268.00
/usr/lib64/libimlib-ppm.so	2	84.00	232.00	156.00	488.00
/usr/lib64/libimlib-ps.so	1	72.00	392.00	264.00	920.00
/usr/lib64/libimlib-tiff.so	2	92.00	232.00	160.00	492.00
/usr/lib64/libimlib-xpm.so	1	88.00	416.00	280.00	944.00
/usr/lib64/libimobiledevice.so.3.0.1	180	198.71	51.82	51.64	45.87
/usr/lib64/libipq.so.0.0.0	12	108.67	81.33	78.67	124.00
/usr/lib64/libirml.so.1	6	193.33	157.33	130.67	237.33
/usr/lib64/libisc.so.84.1.0	612	158.14	39.22	37.11	33.84
/usr/lib64/libisc.so.92.1.0	615	158.23	39.02	37.00	33.70
/usr/lib64/libisccc.so.80.0.2	65	159.51	51.69	48.86	51.32
/usr/lib64/libisccc.so.90.0.2	65	159.51	51.69	48.86	51.32
/usr/lib64/libisccfg.so.82.0.3	138	134.78	37.68	39.25	36.12
/usr/lib64/libisccfg.so.90.0.2	138	134.78	37.68	39.25	36.12
/usr/lib64/libismacryp.so.0.0.0	27	190.22	74.07	62.52	80.59
/usr/lib64/libiso9660.so.7.0.0	84	179.90	57.52	55.05	53.81
/usr/lib64/libixp-0.4.so.0	66	92.97	40.85	40.36	45.70
/usr/lib64/libjack.so.0.1.0	394	329.16	54.82	53.85	47.35
/usr/lib64/libjasper.so.1.0.0	373	135.96	38.97	36.74	34.47
/usr/lib64/libjavascriptcoregtk-1.0.so.0.13.11	6416	586.80	55.89	58.12	52.70
/usr/lib64/libjavascriptcoregtk-3.0.so.0.13.11	6416	586.80	55.89	58.12	52.70
/usr/lib64/libjbig.so.1.6	31	121.29	60.13	57.29	70.71
/usr/lib64/libjpeg.so.62.0.0	54	160.89	64.00	65.48	66.22
/usr/lib64/libjs.so.1.7.0	1105	144.73	37.47	37.43	33.92
/usr/lib64/libjson-glib-1.0.so.0.1502.0	182	198.42	38.46	37.85	32.97
/usr/lib64/libjson.so.0.1.0	83	151.42	44.82	43.57	43.57
/usr/lib64/libkabc.so.1.2.0	1869	320.26	39.41	40.97	34.99
/usr/lib64/libkabc.so.4.10.0	1142	311.19	41.52	43.21	36.51
/usr/lib64/libkabc_dir.so.1.0.0	101	320.48	70.18	67.25	65.35
/usr/lib64/libkabc_file.so.1.0.0	94	296.00	71.32	68.26	66.30
/usr/lib64/libkabc_file_core.so.4.10.0	56	327.43	82.14	77.29	78.86
/usr/lib64/libkabc_ldapkio.so.1.0.0	287	312.61	51.90	51.43	45.05
/usr/lib64/libkabc_net.so.1.0.0	87	292.87	75.68	70.44	68.87
/usr/lib64/libkactivities.so.6.1.0	105	364.19	63.39	62.93	57.22
/usr/lib64/libkadm5clnt_mit.so.8.0	113	151.43	47.22	45.73	44.04
/usr/lib64/libkadm5srv_mit.so.8.0	145	152.00	45.96	45.19	42.15
/usr/lib64/libkakasi.so.2.1.0	103	81.09	39.22	38.52	40.08
/usr/lib64/libkalarmcal.so.2.7.0	612	384.72	59.92	61.25	52.78
/usr/lib64/libkate.so.1.3.0	124	181.94	46.58	47.35	41.74
/usr/lib64/libkateinterfaces.so.4.10.0	195	309.87	56.78	57.07	51.12
/usr/lib64/libkatepartinterfaces.so.0.0.0	297	252.66	53.47	50.45	46.92
/usr/lib64/libkatepartinterfaces.so.4.10.0	2072	352.35	53.21	55.72	47.73
/usr/lib64/libkblog.so.4.10.0	259	307.03	49.05	51.21	42.78
/usr/lib64/libkcal.so.4.10.0	1840	339.41	43.21	44.98	37.97
/usr/lib64/libkcalcore.so.4.10.0	1295	356.75	45.44	48.02	39.83
/usr/lib64/libkcalutils.so.4.10.0	131	558.72	95.76	88.49	82.08
/usr/lib64/libkcardgame.so	259	276.14	61.50	61.44	55.38
/usr/lib64/libkcmutils.so.4.10.0	304	361.76	56.21	55.53	49.92
/usr/lib64/libkdb5.so.7.0	97	174.19	50.47	50.89	48.41
/usr/lib64/libkdb_ldap.so.1.0	47	192.68	56.00	55.32	57.36
/usr/lib64/libkde3support.so.4.10.0	1855	313.54	48.28	49.60	43.68
/usr/lib64/libkdeclarative.so.5.10.0	13	278.15	129.85	116.31	153.85
/usr/lib64/libkdecore.so.4.2.0	7373	309.33	40.34	39.92	35.95
/usr/lib64/libkdecore.so.5.10.0	4456	310.02	45.35	45.20	40.63
/usr/lib64/libkdefx.so.4.2.0	182	320.31	84.13	81.01	75.47
/usr/lib64/libkdegames.so.6.0.0	494	322.54	58.30	58.69	52.19
/usr/lib64/libkdeinit4_cvsaskpass.so	1	64.00	360.00	248.00	920.00
/usr/lib64/libkdeinit4_cvsservice.so	111	258.88	64.07	62.34	59.53
/usr/lib64/libkdeinit4_kate.so	1	64.00	360.00	248.00	920.00
/usr/lib64/libkdeinit4_kbuildsycoca4.so	1	64.00	360.00	248.00	920.00
/usr/lib64/libkdeinit4_kconf_update.so	1	64.00	360.00	248.00	920.00
/usr/lib64/libkdeinit4_kded4.so	1	64.00	360.00	248.00	920.00
/usr/lib64/libkdeinit4_kio_http_cache_cleaner.so	1	64.00	360.00	248.00	920.00
/usr/lib64/libkdeinit4_klauncher.so	1	64.00	360.00	248.00	920.00
/usr/lib64/libkdeinit_cupsdconf.so	512	258.61	36.73	38.80	32.52
/usr/lib64/libkdeinit_dcopserver.so	410	276.80	47.82	47.75	42.20
/usr/lib64/libkdeinit_kaddprinterwizard.so	5	102.40	137.60	102.40	233.60
/usr/lib64/libkdeinit_kbuildsycoca.so	453	303.93	43.27	44.04	39.03
/usr/lib64/libkdeinit_kcmshell.so	83	267.47	69.01	62.17	61.49
/usr/lib64/libkdeinit_kconf_update.so	44	254.00	82.18	76.91	82.36
/usr/lib64/libkdeinit_kcookiejar.so	14	136.57	82.86	68.00	111.43
/usr/lib64/libkdeinit_kded.so	242	248.76	50.15	49.22	43.70
/usr/lib64/libkdeinit_kio_http_cache_cleaner.so	81	251.26	60.74	61.23	59.26
/usr/lib64/libkdeinit_kio_uiserver.so	254	258.99	60.19	59.12	54.52
/usr/lib64/libkdeinit_klauncher.so	266	285.41	51.37	51.88	45.59
/usr/lib64/libkdeprint.so.4.2.0	1892	273.39	38.70	40.41	35.32
/usr/lib64/libkdeprint_management.so.4.2.0	1714	261.23	32.91	34.86	30.16
/usr/lib64/libkdesasl.so.1.2.0	35	197.26	78.40	71.77	82.74
/usr/lib64/libkdesu.so.4.2.0	147	221.33	56.22	55.40	50.94
/usr/lib64/libkdesu.so.5.10.0	107	289.57	63.18	61.91	55.55
/usr/lib64/libkdeui.so.4.2.0	8739	302.48	36.51	37.66	32.12
/usr/lib64/libkdeui.so.5.10.0	7518	320.58	44.21	44.66	39.04
/usr/lib64/libkdev4cmakecommon.so	377	343.77	60.65	60.65	53.88
/usr/lib64/libkdev4cppduchain.so	1424	573.87	50.15	55.86	47.87
/usr/lib64/libkdev4cppparser.so	440	419.98	67.65	66.80	58.69
/usr/lib64/libkdev4cpprpp.so	146	305.26	77.86	76.99	70.19
/usr/lib64/libkdev4qmakeduchain.so	26	335.38	100.00	86.77	100.92
/usr/lib64/libkdev4qmakeparser.so	124	259.35	48.00	46.19	41.74
/usr/lib64/libkdevplatformdebugger.so.6.0.0	496	380.27	51.58	54.16	44.98
/usr/lib64/libkdevplatformdocumentation.so.6.0.0	79	366.89	72.81	68.96	66.13
/usr/lib64/libkdevplatforminterfaces.so.6.0.0	558	340.10	43.10	43.68	36.63
/usr/lib64/libkdevplatformlanguage.so.6.0.0	2773	422.40	48.02	49.70	42.10
/usr/lib64/libkdevplatformoutputview.so.6.0.0	54	334.22	83.41	77.63	80.15
/usr/lib64/libkdevplatformproject.so.6.0.0	386	405.28	52.12	53.84	48.21
/usr/lib64/libkdevplatformshell.so.6.0.0	768	401.03	52.90	56.77	46.51
/usr/lib64/libkdevplatformutil.so.6.0.0	215	388.84	60.54	57.67	50.23
/usr/lib64/libkdevplatformvcs.so.6.0.0	539	362.88	49.84	51.73	43.34
/usr/lib64/libkdewebkit.so.5.10.0	135	329.60	74.31	70.52	64.36
/usr/lib64/libkdnssd.so.1.0.0	307	314.42	47.40	47.58	42.19
/usr/lib64/libkdnssd.so.4.10.0	170	323.11	51.25	51.72	45.79
/usr/lib64/libkemoticons.so.4.10.0	76	313.89	66.00	65.47	63.89
/usr/lib64/libkephal.so.4.10.0	41	268.88	79.22	74.34	80.39
/usr/lib64/libkfile.so.4.10.0	676	347.21	58.19	61.44	52.12
/usr/lib64/libkglib.so.0.0.0	10	218.40	116.00	94.40	156.00
/usr/lib64/libkholidays.so.4.10.0	122	411.34	81.70	77.84	75.61
/usr/lib64/libkhtml.so.4.2.0	13120	327.41	34.58	34.51	29.69
/usr/lib64/libkhtml.so.5.10.0	3294	294.98	38.48	38.18	31.41
/usr/lib64/libkidletime.so.4.10.0	24	228.00	96.67	86.00	106.67
/usr/lib64/libkimap.so.4.10.0	754	299.47	39.14	40.88	31.81
/usr/lib64/libkimproxy.so.0.0.0	198	283.92	58.30	56.28	51.39
/usr/lib64/libkimproxy.so.4.10.0	42	261.14	93.14	86.67	90.48
/usr/lib64/libkio.so.4.2.0	9043	312.07	38.26	39.27	33.91
/usr/lib64/libkio.so.5.10.0	3652	314.35	46.06	47.21	40.44
/usr/lib64/libkjs.so.1.2.0	1934	289.62	31.49	32.26	26.42
/usr/lib64/libkjs.so.4.10.0	458	329.57	59.21	59.60	52.47
/usr/lib64/libkjsapi.so.4.10.0	108	247.78	61.70	57.78	56.67
/usr/lib64/libkjsembed.so.4.10.0	308	360.73	46.65	47.69	41.19
/usr/lib64/libkldap.so.4.10.0	483	335.70	48.13	50.10	42.83
/usr/lib64/libklu.so.1.2.1	92	111.30	28.52	29.74	29.83
/usr/lib64/libkmbox.so.4.10.0	34	261.88	90.35	84.94	93.65
/usr/lib64/libkmdi.so.1.0.0	878	328.83	47.28	49.35	43.03
/usr/lib64/libkmdi2.so.1.0.0	311	346.14	55.82	55.74	49.05
/usr/lib64/libkmediaplayer.so.0.0.0	109	286.53	63.19	60.04	58.57
/usr/lib64/libkmediaplayer.so.4.10.0	51	298.04	69.65	65.25	68.24
/usr/lib64/libkmid.so.0.0.95	309	206.71	49.01	50.36	43.91
/usr/lib64/libkmime.so.4.10.0	1083	363.94	36.06	39.04	31.90
/usr/lib64/libkms.so.1.0.0	14	106.29	70.29	62.29	102.86
/usr/lib64/libknewstuff.so.1.0.0	587	317.27	41.47	43.63	36.93
/usr/lib64/libknewstuff2.so.4.10.0	318	298.36	55.82	56.96	49.53
/usr/lib64/libknewstuff3.so.4.10.0	163	337.37	62.48	61.60	55.36
/usr/lib64/libknotifyconfig.so.4.10.0	20	316.80	115.60	105.20	125.60
/usr/lib64/libkntlm.so.0.0.0	35	268.34	102.40	93.49	103.31
/usr/lib64/libkntlm.so.4.10.0	11	365.09	171.64	148.36	193.45
/usr/lib64/libkontactinterface.so.4.10.0	156	390.10	70.72	68.87	61.08
/usr/lib64/libkparts.so.2.1.0	946	326.00	43.21	44.74	37.22
/usr/lib64/libkparts.so.4.10.0	726	359.47	51.79	53.10	44.20
/usr/lib64/libkpathsea.so.4.1.0	109	121.54	48.29	49.32	48.00
/usr/lib64/libkpimidentities.so.4.10.0	242	427.37	64.76	65.92	59.87
/usr/lib64/libkpimtextedit.so.4.10.0	231	405.99	55.58	54.55	48.31
/usr/lib64/libkpimutils.so.4.10.0	85	398.49	93.46	88.19	83.01
/usr/lib64/libkprintutils.so.4.10.0	16	255.50	113.50	99.00	130.50
/usr/lib64/libkpty.so.4.10.0	71	217.01	69.75	67.15	67.72
/usr/lib64/libkrandr.so.0.0.95	221	298.50	69.00	66.82	62.12
/usr/lib64/libkresources.so.1.2.0	350	313.46	49.65	48.98	43.79
/usr/lib64/libkresources.so.4.10.0	195	297.39	53.58	54.85	47.67
/usr/lib64/libkrosscore.so.4.10.0	214	317.57	54.50	54.69	48.00
/usr/lib64/libkrossui.so.4.10.0	134	427.70	69.01	67.82	63.88
/usr/lib64/libkrsync.so.0.0.1	92	252.17	74.09	70.17	69.30
/usr/lib64/libksba.so.8.11.1	151	172.77	44.08	45.35	39.52
/usr/lib64/libkscreensaver.so.4.2.0	68	225.88	67.41	62.71	65.06
/usr/lib64/libkscript.so.0.0.0	91	280.88	61.10	56.88	57.14
/usr/lib64/libkspell2.so.1.0.0	464	316.28	44.64	46.19	39.53
/usr/lib64/libktcore.so.14.0.0	825	333.64	52.54	52.45	45.12
/usr/lib64/libktexteditor.so.0.0.0	841	392.87	36.47	38.24	30.93
/usr/lib64/libktexteditor.so.4.10.0	743	386.51	44.69	44.90	38.70
/usr/lib64/libktnef.so.4.10.0	119	345.34	76.84	76.17	70.05
/usr/lib64/libktorrent.so.4.0.1	2715	313.62	45.65	45.67	38.89
/usr/lib64/libktorrent.so.5.0.0	2987	305.80	44.20	44.11	37.51
/usr/lib64/libkunitconversion.so.4.10.0	103	374.37	61.90	61.13	57.79
/usr/lib64/libkunittest.so.1.0.0	131	269.68	57.34	55.15	51.05
/usr/lib64/libkunittest.so.4.10.0	56	282.57	74.57	71.00	70.43
/usr/lib64/libkutils.so.1.2.0	1030	320.89	43.32	45.43	39.95
/usr/lib64/libkwalletbackend.so.1.0.0	180	293.73	51.24	51.07	47.07
/usr/lib64/libkwalletclient.so.1.0.1	133	316.33	68.03	67.61	63.46
/usr/lib64/libkworkspace.so.4.10.0	66	317.45	94.55	86.06	85.94
/usr/lib64/libkxmlrpcclient.so.4.10.0	56	357.29	93.71	87.57	86.86
/usr/lib64/libkyotocabinet.so.16.13.0	1879	495.52	37.78	40.09	32.56
/usr/lib64/liblapack.so.4	1681	67.07	17.99	9.68	18.04
/usr/lib64/liblapack_atlas.so.3	447	103.87	17.00	14.50	17.34
/usr/lib64/liblavfile-1.9.so.0.0.0	103	144.47	47.84	46.21	45.13
/usr/lib64/liblavjpeg-1.9.so.0.0.0	3	141.33	176.00	133.33	349.33
/usr/lib64/liblavplay-1.9.so.0.0.0	33	132.85	66.91	65.94	77.09
/usr/lib64/liblavrec-1.9.so.0.0.0	23	99.48	64.35	62.61	83.83
/usr/lib64/liblcms.so.1.0.19	285	149.25	52.04	49.40	46.74
/usr/lib64/liblcms2.so.2.0.2	366	164.87	50.34	48.09	44.74
/usr/lib64/libldap60.so.6.0.7	341	151.88	41.41	40.66	36.60
/usr/lib64/libldap_r-2.4.so.2.8.4	500	165.02	39.76	38.88	33.23
/usr/lib64/libldif60.so.6.0.7	12	186.67	94.67	80.67	126.67
/usr/lib64/libldl.so.2.1.0	9	113.78	84.44	72.89	141.33
/usr/lib64/libldns.so.1.6.16	834	180.49	35.19	35.21	28.00
/usr/lib64/liblensfun.so.0.2.5	135	242.49	63.23	62.52	58.90
/usr/lib64/liblftp-jobs.so.0.0.0	651	215.59	47.63	48.68	42.21
/usr/lib64/liblftp-tasks.so.0.0.0	1372	201.70	46.94	46.83	41.58
/usr/lib64/liblirc_client.so.0.2.1	14	116.57	72.57	68.00	106.86
/usr/lib64/libliveMedia.so.20120913	3751	331.47	40.39	39.36	36.01
/usr/lib64/liblmpe.so.1.3.0	222	131.86	38.45	38.27	36.00
/usr/lib64/liblockdev.so.1	8	111.00	94.00	80.00	155.00
/usr/lib64/liblpsolve55.so	1063	110.83	38.18	36.66	33.88
/usr/lib64/liblqr-1.so.0.3.1	86	191.72	50.33	50.23	48.00
/usr/lib64/libltdl.so.7.3.0	66	133.45	51.88	50.30	52.97
/usr/lib64/liblua-5.1.so.0	135	107.38	37.51	37.33	36.98
/usr/lib64/liblvm2cmd.so.2.02	6	118.67	125.33	110.67	210.67
/usr/lib64/liblwres.so.80.0.3	99	165.49	43.23	41.05	41.21
/usr/lib64/liblwres.so.90.0.1	95	165.73	43.20	41.18	41.26
/usr/lib64/liblzo2.so.2.0.0	118	155.73	31.32	30.64	30.98
/usr/lib64/libmad.so.0.2.1	46	123.83	50.96	50.43	56.70
/usr/lib64/libmagic.so.1.0.0	43	101.21	48.37	48.74	57.12
/usr/lib64/libmailtransport.so.4.10.0	420	402.76	51.96	52.17	45.62
/usr/lib64/libmatroska.so.6	3015	355.45	22.66	21.13	20.11
/usr/lib64/libmd5.so.0.1.0	3	72.00	173.33	128.00	341.33
/usr/lib64/libmediainfo.so.0.0.0	5704	453.03	44.59	42.84	39.40
/usr/lib64/libmemcached.so.10.0.0	294	249.12	54.86	55.86	48.46
/usr/lib64/libmemcachedprotocol.so.0.0.0	18	227.56	96.44	90.67	113.33
/usr/lib64/libmemcachedutil.so.2.0.0	20	234.40	95.20	88.40	111.60
/usr/lib64/libmenu.so.5.7	77	113.25	46.13	45.51	46.96
/usr/lib64/libmenuw.so.5.7	77	113.25	46.13	45.51	46.96
/usr/lib64/libmetis.so.1	830	140.67	32.91	31.47	28.87
/usr/lib64/libmetis0.so.0	342	155.51	42.22	39.06	36.44
/usr/lib64/libmicroblog.so.4.10.0	17	287.06	98.35	80.94	109.65
/usr/lib64/libmikmod.so.2.0.4	406	115.11	35.39	33.44	31.78
/usr/lib64/libmimerS.so.1.0.0	1	176.00	520.00	368.00	1024.00
/usr/lib64/libming.so.1.4.2	909	165.75	36.63	36.73	32.42
/usr/lib64/libminizip.so.1.0.0	67	146.51	54.93	51.34	54.57
/usr/lib64/libmjpegutils-1.9.so.0.0.0	186	143.18	45.72	43.05	40.65
/usr/lib64/libmlib_jai.so	245	567.18	36.57	37.75	36.21
/usr/lib64/libmm.so.14.0.22	44	96.55	44.00	42.18	50.36
/usr/lib64/libmms.so.0.0.2	66	142.06	43.88	43.03	45.58
/usr/lib64/libmng.so.1.0.10	1052	146.55	25.20	25.48	21.95
/usr/lib64/libmodplug.so.1.0.0	337	272.28	60.18	60.82	53.51
/usr/lib64/libmono-2.0.so.1.0.0	889	205.35	42.96	43.78	34.96
/usr/lib64/libmono-profiler-aot.so.0.0.0	232	185.79	44.21	43.48	37.90
/usr/lib64/libmono-profiler-cov.so.0.0.0	232	185.79	44.21	43.48	37.90
/usr/lib64/libmono-profiler-iomap.so.0.0.0	232	185.79	44.21	43.48	37.90
/usr/lib64/libmono-profiler-log.so.0.0.0	15	117.33	88.00	82.67	117.33
/usr/lib64/libmonodebuggerserver.so.0.0.0	746	198.12	44.56	44.38	38.08
/usr/lib64/libmozalloc.so	23	122.43	67.48	59.48	81.39
/usr/lib64/libmozjs.so	1102	303.72	52.93	54.62	47.46
/usr/lib64/libmozjs185.so.1.0.0	753	223.75	51.93	51.78	45.80
/usr/lib64/libmozsqlite3.so	196	165.43	42.29	42.73	38.53
/usr/lib64/libmp.so.3.1.25	18	49.33	53.33	50.22	82.22
/usr/lib64/libmp3lame.so.0.0.0	391	149.40	46.40	42.62	39.28
/usr/lib64/libmp4.so.0.0.0	522	183.69	27.91	28.74	23.02
/usr/lib64/libmp4av.so.0.0.0	117	200.48	67.42	63.52	61.47
/usr/lib64/libmp4ff.so.0.0.0	82	168.98	51.41	51.41	50.54
/usr/lib64/libmp4util.so.0.0.0	11	176.73	139.64	117.82	170.18
/usr/lib64/libmp4v2.so.0.0.0	1755	228.49	32.28	31.43	27.53
/usr/lib64/libmpc.so.2.0.0	104	87.23	29.00	28.69	31.54
/usr/lib64/libmpcdec.so.5.0.2	35	177.60	76.11	70.63	81.14
/usr/lib64/libmpe.so.1.3.0	327	161.74	44.99	42.72	38.80
/usr/lib64/libmpe_collchk.so.1.3.0	118	148.47	49.15	45.69	46.03
/usr/lib64/libmpe_nompi.so.1.3.0	337	159.36	45.34	43.23	39.55
/usr/lib64/libmpe_nompi_null.so.1.3.0	73	144.11	53.37	49.97	51.40
/usr/lib64/libmpe_null.so.1.3.0	46	157.57	54.43	51.13	56.35
/usr/lib64/libmpeg2.so.0.1.0	59	138.03	47.05	47.05	50.44
/usr/lib64/libmpeg2convert.so.0.0.0	14	153.14	62.29	50.86	94.29
/usr/lib64/libmpeg2encpp-1.9.so.0.0.0	459	257.24	58.98	55.44	51.50
/usr/lib64/libmpeg4ipSDL-1.2.so.0.7.1	46	144.87	60.87	55.30	64.70
/usr/lib64/libmpeg4ip_celp.so.0.0.0	126	145.90	57.02	53.97	53.02
/usr/lib64/libmpeg4ip_celpbs.so.0.0.0	75	108.80	54.51	51.20	54.29
/usr/lib64/libmpeg4ip_faad.so.0.0.0	102	103.45	50.35	47.53	49.33
/usr/lib64/libmpeg4ip_fposrec.so.0.0.0	6	250.67	153.33	128.00	226.67
/usr/lib64/libmpeg4ip_mpeg4_iso.so.0.0.0	1775	286.65	58.59	57.34	51.14
/usr/lib64/libmpfc.so.0.0.0	291	119.84	40.96	40.96	37.14
/usr/lib64/libmpfcwnd.so.0.0.0	289	154.16	38.15	40.39	34.33
/usr/lib64/libmpfr.so.1.2.2	320	111.88	29.93	29.30	27.57
/usr/lib64/libmpfr.so.4.1.1	338	112.90	30.37	29.73	27.69
/usr/lib64/libmpg123.so.0.29.6	105	137.90	39.54	38.25	38.40
/usr/lib64/libmplex2-1.9.so.0.0.0	309	259.57	56.49	55.97	49.04
/usr/lib64/libmsg_queue.so.0.0.0	15	194.67	89.07	73.60	109.87
/usr/lib64/libmtdev.so.1.0.0	27	133.04	55.41	51.85	68.74
/usr/lib64/libmtp.so.9.0.5	104	208.15	58.08	55.31	51.92
/usr/lib64/libmulticobex.so.1.0.1	6	113.33	116.00	96.00	200.00
/usr/lib64/libmumps_common.so.4.10.0	328	199.12	42.54	42.76	39.85
/usr/lib64/libmumps_common_seq.so.4.10.0	328	199.12	42.54	42.76	39.85
/usr/lib64/libmuparser.so.0.0.0	517	320.03	54.10	52.30	48.06
/usr/lib64/libmusicbrainz.so.4.0.3	288	208.31	66.53	64.00	59.25
/usr/lib64/libmxp.so.0.0.4	284	388.17	66.14	65.30	58.54
/usr/lib64/libmyodbc5-5.1.8.so	452	138.11	44.78	41.84	39.06
/usr/lib64/libmysqlclient.so.16.0.0	1085	150.27	36.00	34.80	30.76
/usr/lib64/libmysqlclient.so.18.0.0	125	148.22	47.23	47.68	44.48
/usr/lib64/libmysqlclient_r.so.16.0.0	1118	149.93	36.28	34.98	30.99
/usr/lib64/libname-server-2.so.0.0.0	10	284.80	121.60	108.80	157.60
/usr/lib64/libnautilus-extension.so.1.4.0	55	261.53	62.84	64.29	62.25
/usr/lib64/libncurses.so.5.7	309	78.58	31.09	30.34	29.39
/usr/lib64/libncursesw.so.5.7	414	80.43	28.77	27.57	26.61
/usr/lib64/libneon.so.27.2.6	291	142.32	42.75	41.48	37.75
/usr/lib64/libnepomuk.so.4.10.0	1837	339.78	45.54	45.25	38.77
/usr/lib64/libnepomukcore.so.4.10.0	2007	368.71	46.92	46.79	40.04
/usr/lib64/libnepomukquery.so.4.10.0	311	375.92	54.10	55.61	47.67
/usr/lib64/libnepomukutils.so.4.10.0	262	422.47	54.05	57.19	47.08
/usr/lib64/libnetpbm.so.10.35	363	169.92	35.04	33.17	32.44
/usr/lib64/libnetsnmp.so.30.0.1	1154	171.13	41.58	40.71	35.83
/usr/lib64/libnetsnmpagent.so.30.0.1	677	210.26	40.59	41.74	34.47
/usr/lib64/libnetsnmphelpers.so.30.0.1	1	216.00	488.00	400.00	1048.00
/usr/lib64/libnetsnmpmibs.so.30.0.1	2011	211.20	32.84	33.81	27.35
/usr/lib64/libnetsnmptrapd.so.30.0.1	42	159.81	63.05	60.19	67.43
/usr/lib64/libnettle.so.4.4	201	175.48	36.78	36.18	32.16
/usr/lib64/libnetworkstatus.so.0.0.0	6	204.00	180.00	142.67	246.67
/usr/lib64/libnewt.so.0.52.14	142	146.03	46.99	45.75	44.45
/usr/lib64/libnl.so.1.1	863	157.39	32.52	31.71	27.69
/usr/lib64/libnm-glib-vpn.so.1.1.0	23	278.26	90.09	86.96	100.52
/usr/lib64/libnm-glib.so.4.3.0	232	225.24	42.52	42.07	36.28
/usr/lib64/libnm-util.so.2.3.0	530	254.49	37.45	38.19	30.90
/usr/lib64/libnn.so.1.0.0	134	121.31	46.99	46.21	45.19
/usr/lib64/libnotify.so.4.0.0	32	235.75	75.25	69.25	79.75
/usr/lib64/libnpymath.so.0.5.259fff8	173	95.31	26.73	24.55	25.20
/usr/lib64/libnspr4.so	399	137.06	44.87	42.77	40.14
/usr/lib64/libnss3.so	794	186.45	45.34	45.02	39.37
/usr/lib64/libnssckbi.so	1	144.00	472.00	336.00	992.00
/usr/lib64/libnssdbm3.so	7	161.14	131.43	114.29	198.86
/usr/lib64/libnsspem.so	1	144.00	472.00	336.00	992.00
/usr/lib64/libnssutil3.so	182	214.15	53.19	49.76	47.25
/usr/lib64/libntfs.so.10.0.0	183	165.29	51.45	50.32	46.38
/usr/lib64/libntrack-qt4.so.1.0.1	32	247.00	83.00	77.25	88.75
/usr/lib64/libntrack.so.0.3.3	22	176.36	74.91	74.18	92.00
/usr/lib64/libnuma.so.1	80	150.40	47.80	47.90	47.60
/usr/lib64/libnutscan.so.1.0.0	32	171.25	65.75	64.50	74.75
/usr/lib64/libnvidia-glcore.so.290.10	20	104.00	38.40	30.40	62.00
/usr/lib64/libnvidia-glcore.so.295.49	20	104.00	38.40	30.40	62.00
/usr/lib64/libnvidia-glcore.so.295.53	20	104.00	38.40	30.40	62.00
/usr/lib64/libnvidia-glcore.so.295.59	20	104.00	38.40	30.40	62.00
/usr/lib64/libnvidia-glcore.so.302.17	20	104.00	38.40	30.40	62.00
/usr/lib64/libnvidia-glcore.so.304.43	20	104.00	38.40	30.40	62.00
/usr/lib64/libnvidia-glcore.so.304.51	20	104.00	38.40	30.40	62.00
/usr/lib64/libnvidia-glcore.so.304.64	20	104.00	38.40	30.40	62.00
/usr/lib64/libnvidia-glcore.so.310.19	21	104.00	39.24	29.71	59.81
/usr/lib64/libnvidia-tls.so.290.10	20	80.00	34.80	27.60	60.00
/usr/lib64/libnvidia-tls.so.295.49	23	80.00	31.30	25.74	53.91
/usr/lib64/libnvidia-tls.so.295.53	23	80.00	31.30	25.74	53.91
/usr/lib64/libnvidia-tls.so.295.59	23	80.00	31.30	25.74	53.91
/usr/lib64/libnvidia-tls.so.302.17	23	80.00	31.30	25.74	53.91
/usr/lib64/libnvidia-tls.so.304.43	25	80.00	30.08	24.64	50.56
/usr/lib64/libnvidia-tls.so.304.51	25	80.00	30.08	24.64	50.56
/usr/lib64/libnvidia-tls.so.304.64	25	80.00	30.08	24.64	50.56
/usr/lib64/libnvidia-tls.so.310.19	25	80.00	30.08	24.64	50.56
/usr/lib64/libobexftp.so.0.3.0	38	136.84	58.74	56.00	64.84
/usr/lib64/libodbc.so.1.0.0	161	124.02	37.76	34.98	34.09
/usr/lib64/libodbccr.so.1.0.0	1	80.00	400.00	264.00	928.00
/usr/lib64/libodbcdrvcfg1S.so.1.0.0	1	176.00	520.00	368.00	1024.00
/usr/lib64/libodbcdrvcfg2S.so.1.0.0	1	176.00	520.00	368.00	1024.00
/usr/lib64/libodbcinst.so.1.0.0	160	135.20	46.65	44.10	43.15
/usr/lib64/libodbcinstQ.so.1.0.0	565	220.63	33.43	33.93	29.64
/usr/lib64/libodbcminiS.so.1.0.0	1	176.00	520.00	368.00	1024.00
/usr/lib64/libodbcmyS.so.1.0.0	1	176.00	520.00	368.00	1024.00
/usr/lib64/libodbcnnS.so.1.0.0	1	176.00	520.00	368.00	1024.00
/usr/lib64/libodbcpsql.so.1.0.0	374	127.94	45.20	43.83	41.18
/usr/lib64/libodbcpsql.so.2.0.0	381	127.52	45.08	43.84	41.03
/usr/lib64/libodbcpsqlS.so.1.0.0	1	176.00	520.00	368.00	1024.00
/usr/lib64/libodbctxt.so.1.0.0	365	118.51	40.92	39.21	37.50
/usr/lib64/libodbctxtS.so.1.0.0	1	176.00	520.00	368.00	1024.00
/usr/lib64/libofa.so.0.0.0	103	228.58	74.95	70.76	67.34
/usr/lib64/libogg.so.0.8.0	71	135.77	39.66	38.08	40.11
/usr/lib64/liboggkate.so.1.2.2	12	218.67	90.00	82.00	126.00
/usr/lib64/libogrove.so.0.0.1	289	397.23	50.74	54.48	45.45
/usr/lib64/libokularcore.so.2.0.0	1231	337.26	48.79	49.33	41.70
/usr/lib64/libopal.so.3.10.9	38643	386.88	34.43	27.12	28.40
/usr/lib64/libopcodes-2.23.51.0.1.so	23	121.04	73.04	70.26	88.35
/usr/lib64/libopenal.so.1.13.0	146	125.70	37.42	35.23	35.29
/usr/lib64/libopenblasp-r0.2.5.so	9660	154.22	13.66	7.59	13.31
/usr/lib64/libopencore-amrnb.so.0.0.2	318	103.40	41.21	38.77	37.28
/usr/lib64/libopencore-amrwb.so.0.0.2	139	111.19	53.93	52.09	50.76
/usr/lib64/libopenjpeg.so.2.1.3.0	142	124.00	41.18	40.51	38.54
/usr/lib64/libopenobex.so.2.0.0	45	163.91	66.84	64.36	69.69
/usr/lib64/libopenr2.so.5.0.0	110	221.96	52.15	51.35	47.13
/usr/lib64/libopenraw.so.1.6.0	908	450.21	53.89	53.41	46.63
/usr/lib64/libopenrawgnome.so.1.6.0	3	248.00	248.00	197.33	405.33
/usr/lib64/liboping.so.0.2.9	12	138.67	82.67	76.00	121.33
/usr/lib64/liboplodbcS.so.1.0.0	1	176.00	520.00	368.00	1024.00
/usr/lib64/liboraodbcS.so.1.0.0	1	176.00	520.00	368.00	1024.00
/usr/lib64/liborc-0.4.so.0.16.0	329	191.88	40.58	40.07	35.48
/usr/lib64/liborc-test-0.4.so.0.16.0	29	180.14	72.00	68.69	79.45
/usr/lib64/libosp.so.5.0.0	6418	369.47	39.16	39.90	35.06
/usr/lib64/libospgrove.so.0.0.1	1354	431.36	34.72	38.61	32.89
/usr/lib64/libossp-uuid.so.15.0.21	78	118.97	34.36	33.33	35.79
/usr/lib64/libostyle.so.0.0.1	7357	468.97	31.21	32.25	26.67
/usr/lib64/libp11-kit.so.0.0.0	49	196.57	61.06	59.43	61.06
/usr/lib64/libpam_userpass.so.1.0	1	144.00	456.00	336.00	984.00
/usr/lib64/libpanel.so.5.7	15	99.20	64.00	63.47	100.27
/usr/lib64/libpanelw.so.5.7	15	99.20	64.00	63.47	100.27
/usr/lib64/libpango-1.0.so.0.3200.6	404	213.39	40.26	41.82	33.52
/usr/lib64/libpangocairo-1.0.so.0.3200.6	33	252.61	64.00	62.06	69.82
/usr/lib64/libpangoft2-1.0.so.0.3200.6	84	234.38	57.71	58.38	53.05
/usr/lib64/libpangomm-1.4.so.1.0.30	831	300.83	42.79	45.38	38.78
/usr/lib64/libpangosharpglue-2.so	54	328.74	70.96	65.63	66.81
/usr/lib64/libpangox-1.0.so.0.0.0	34	197.18	70.12	72.24	77.18
/usr/lib64/libpangoxft-1.0.so.0.3200.6	23	212.52	80.70	74.78	91.83
/usr/lib64/libpano13.so.2.0.0	577	134.50	48.31	46.46	43.38
/usr/lib64/libpaper.so.1.1.2	17	103.06	65.88	63.06	94.59
/usr/lib64/libparmetis.so.0	1049	158.68	35.04	33.45	30.73
/usr/lib64/libparpack_MPI-LINUX.so.96	72	70.44	27.11	22.56	32.67
/usr/lib64/libparpack_MPI-LINUX_Carley.so.96	72	70.44	27.11	22.56	32.67
/usr/lib64/libparsifal-1.1.0.so	60	161.60	67.33	63.73	66.27
/usr/lib64/libparted.so.0.0.2	547	161.26	40.57	39.88	35.07
/usr/lib64/libpathplan.so.4.0.0	25	77.44	61.76	57.92	78.40
/usr/lib64/libpcap.so.1.1.1	77	128.31	49.04	49.14	50.08
/usr/lib64/libpci.so.3.1.10	32	124.00	57.75	57.25	69.50
/usr/lib64/libpciaccess.so.0.11.1	57	183.86	56.84	56.42	57.54
/usr/lib64/libpcre16.so.0.2.0	30	162.93	67.20	62.40	75.20
/usr/lib64/libperl-5.16.so	1759	137.13	35.02	32.96	29.30
/usr/lib64/libphonon.so.4.6.0	699	366.34	49.17	50.05	43.36
/usr/lib64/libphononexperimental.so.4.6.0	188	439.06	56.43	54.94	47.23
/usr/lib64/libphp-5.3.18.so.0.0.0	1409	171.33	42.44	40.77	36.62
/usr/lib64/libphysfs.so.2.0.2	86	146.51	46.88	43.35	46.23
/usr/lib64/libpics.so.0.0.0	138	145.57	46.20	45.80	43.36
/usr/lib64/libpisock.so.9.0.2	372	128.19	42.22	41.27	37.96
/usr/lib64/libpisync.so.1.0.3	15	175.47	88.53	75.20	109.87
/usr/lib64/libpixman-1.so.0.28.2	143	211.13	47.66	46.94	42.18
/usr/lib64/libplasma.so.3.0.0	3291	356.27	41.21	44.20	35.17
/usr/lib64/libplc4.so	41	102.63	46.05	40.59	51.71
/usr/lib64/libplds4.so	25	149.44	70.72	66.24	85.76
/usr/lib64/libplist.so.1.1.8	80	139.60	43.80	43.10	43.30
/usr/lib64/libpnetcdf.so.0	976	176.93	20.47	20.48	16.14
/usr/lib64/libpng12.so.0.50.0	206	151.11	46.21	44.74	41.13
/usr/lib64/libpng15.so.15.13.0	232	158.24	45.00	42.76	38.76
/usr/lib64/libpolkit-agent-1.so.0.0.0	15	275.20	96.00	90.67	117.33
/usr/lib64/libpolkit-gobject-1.so.0.0.0	145	289.71	46.57	45.46	39.45
/usr/lib64/libpolkit-qt-core-1.so.1.103.0	344	394.30	53.86	53.05	47.91
/usr/lib64/libpoppler-glib.so.6.0.0	491	296.05	54.73	54.92	46.44
/usr/lib64/libpoppler-glib.so.8.4.0	503	297.07	55.24	55.35	46.74
/usr/lib64/libpoppler-qt4.so.3.7.0	1104	332.84	48.62	48.23	41.82
/usr/lib64/libpoppler-qt4.so.4.0.0	1334	341.03	46.82	46.97	40.29
/usr/lib64/libpoppler.so.13.0.0	3768	268.03	43.58	42.16	38.26
/usr/lib64/libpoppler.so.19.0.0	3870	270.64	43.63	42.11	38.27
/usr/lib64/libpoppler.so.26.0.0	4226	273.14	44.38	42.67	38.81
/usr/lib64/libpoppler.so.27.0.0	4226	273.14	44.35	42.59	38.81
/usr/lib64/libpoppler.so.28.0.0	4227	273.14	44.30	42.63	38.81
/usr/lib64/libpord.so.4.10.0	123	127.67	52.88	51.71	49.95
/usr/lib64/libpord_seq.so.4.10.0	123	127.67	52.88	51.71	49.95
/usr/lib64/libportaudio.so.2.0.0	46	161.57	72.70	69.39	75.30
/usr/lib64/libportaudiocpp.so.0.0.12	246	357.76	51.71	51.87	45.40
/usr/lib64/libpostfix-2.9.5.so	865	124.30	38.71	37.05	34.15
/usr/lib64/libpostfix_dict-2.9.5.so	85	132.42	53.08	52.99	52.14
/usr/lib64/libpostproc.so.52.0.0	9	138.67	113.78	104.89	168.89
/usr/lib64/libpq.so.5.4	160	111.25	47.95	46.20	45.35
/usr/lib64/libprelude.so.2.19.1	1547	215.21	28.77	29.47	22.56
/usr/lib64/libpreludecpp.so.0.3.0	314	291.90	46.96	46.34	42.09
/usr/lib64/libpreludedb.so.0.4.10	141	278.58	46.47	46.52	40.74
/usr/lib64/libpri.so.1.4	545	205.67	41.12	39.47	35.10
/usr/lib64/libprison.so.0.0.0	87	289.10	68.69	65.38	63.26
/usr/lib64/libprldap60.so.6.0.7	25	200.96	77.76	71.04	86.72
/usr/lib64/libprocesscore.so.4.10.0	99	345.78	81.54	79.52	76.61
/usr/lib64/libprocessui.so.4.10.0	142	335.55	78.59	78.08	72.68
/usr/lib64/libproj.so.0.7.0	405	89.42	30.14	29.14	28.03
/usr/lib64/libprotobuf.so.7.0.0	2153	544.17	45.19	48.26	40.72
/usr/lib64/libprotoc.so.7.0.0	901	679.99	50.77	56.15	44.79
/usr/lib64/libproxy.so.1.0.0	211	523.07	63.73	62.07	53.91
/usr/lib64/libpspell.so.15.1.5	1	200.00	504.00	360.00	1016.00
/usr/lib64/libpt.so.2.10.9	14336	314.71	33.07	31.10	29.69
/usr/lib64/libpth.so.20.0.27	182	123.03	41.32	39.74	38.77
/usr/lib64/libptscotch.so.0	1194	169.87	25.65	25.07	21.53
/usr/lib64/libptscotcherr.so.0	3	144.00	184.00	133.33	349.33
/usr/lib64/libptscotcherrexit.so.0	3	144.00	184.00	133.33	349.33
/usr/lib64/libptscotchparmetis.so.0	15	178.13	89.07	68.27	107.73
/usr/lib64/libpulse-mainloop-glib.so.0.0.4	3	181.33	197.33	160.00	373.33
/usr/lib64/libpulse-simple.so.0.0.3	7	130.29	106.29	91.43	177.14
/usr/lib64/libpulse.so.0.15.3	357	198.39	41.66	41.52	35.79
/usr/lib64/libpyglib-2.0-python.so.0.0.0	24	209.33	94.00	92.33	106.00
/usr/lib64/libpython2.7.so.1.0	1212	152.90	39.20	38.57	35.03
/usr/lib64/libqacache.so.0	5	88.00	108.80	88.00	214.40
/usr/lib64/libqassistantclient.so.1.0.0	51	311.06	92.55	87.69	89.25
/usr/lib64/libqca.so.2.0.3	3371	304.49	38.33	38.18	31.96
/usr/lib64/libqd.so.0.0.0	262	133.13	33.13	31.15	30.32
/usr/lib64/libqd_f_main.so.0.0.0	2	52.00	192.00	136.00	468.00
/usr/lib64/libqdmod.so.0.0.0	462	167.83	22.01	22.27	20.28
/usr/lib64/libqgpgme.so.1.0.1	65	422.52	85.17	75.69	73.11
/usr/lib64/libqimageblitz.so.4.0.0	52	351.38	128.62	117.69	115.38
/usr/lib64/libqjson.so.0.8.1	240	356.60	71.20	69.17	62.07
/usr/lib64/libqrencode.so.3.3.1	108	163.78	54.15	50.52	48.37
/usr/lib64/libqt-mt.so.3.3.8	20907	266.74	36.80	35.99	31.64
/usr/lib64/libqtsoap.so.2.7.0	300	286.88	46.48	46.91	44.03
/usr/lib64/libquadmath.so.0.0.0	91	54.77	29.45	29.54	33.85
/usr/lib64/libqui.so.1.0.0	318	324.60	54.39	54.31	48.38
/usr/lib64/libquicktime.so.111.0.0	312	172.87	41.44	41.56	36.13
/usr/lib64/librados.so.2.0.0	7853	1107.15	57.55	53.78	69.10
/usr/lib64/librarian.so.0.0.0	285	237.25	45.33	45.50	40.51
/usr/lib64/libraw1394.so.11.1.0	180	171.51	36.13	37.82	31.56
/usr/lib64/libraw1394.so.8.1.1	70	178.51	54.51	53.83	53.60
/usr/lib64/librbd.so.1.0.0	958	423.62	59.11	59.72	53.52
/usr/lib64/librcc.so.0.2.9	287	162.48	37.44	37.16	33.73
/usr/lib64/librccgtk.so.0.2.9	76	165.89	44.00	44.00	46.32
/usr/lib64/librccgtk2.so.0.2.9	76	165.89	44.00	44.00	46.32
/usr/lib64/librccui.so.0.2.9	76	165.89	44.00	44.00	46.32
/usr/lib64/librcd.so.0.1.13	2	164.00	284.00	220.00	540.00
/usr/lib64/librdmacm.so.1.0.0	29	134.07	62.90	60.14	73.93
/usr/lib64/librecode.so.0.0.0	205	134.01	45.35	44.45	41.60
/usr/lib64/librfftw.so.2.0.7	168	166.14	25.57	26.29	24.57
/usr/lib64/librfftw_threads.so.2.0.7	20	242.40	67.60	64.40	85.20
/usr/lib64/librom1394.so.0.3.0	20	149.20	81.20	74.80	97.20
/usr/lib64/librpm-4.0.4.so	142	117.63	53.41	53.01	51.72
/usr/lib64/librpmbuild-4.0.4.1.so	61	101.51	60.59	58.23	62.69
/usr/lib64/librpmdb-4.0.4.so	85	110.87	54.96	54.21	56.09
/usr/lib64/librpmio-4.0.4.so	136	87.29	44.00	43.41	44.35
/usr/lib64/librrd.so.4.2.0	66	100.61	41.82	41.21	45.82
/usr/lib64/librrd_th.so.4.2.0	66	100.61	41.82	41.21	45.82
/usr/lib64/librsvg-2.so.2.36.4	45	193.24	60.09	60.80	64.89
/usr/lib64/librtmp.so.0	111	127.64	48.22	45.98	46.13
/usr/lib64/libruby.so.1.9.3	1285	136.59	39.14	37.32	34.26
/usr/lib64/libsamplerate.so.0.1.8	18	128.00	76.89	72.44	98.22
/usr/lib64/libsane.so.1.0.23	217	159.12	42.06	41.81	36.61
/usr/lib64/libsapdbS.so.1.0.0	1	176.00	520.00	368.00	1024.00
/usr/lib64/libscalapack.so.1.8.0	1246	75.26	22.48	14.52	20.55
/usr/lib64/libschroedinger-1.0.so.0.10.0	708	213.69	40.25	39.92	33.72
/usr/lib64/libscotch.so.0	837	165.02	26.54	26.05	23.06
/usr/lib64/libscotcherr.so.0	3	144.00	184.00	133.33	349.33
/usr/lib64/libscotcherrexit.so.0	3	144.00	184.00	133.33	349.33
/usr/lib64/libscotchmetis.so.0	30	146.13	57.87	47.47	66.67
/usr/lib64/libsdp.so.0.0.0	24	165.00	78.33	78.67	93.33
/usr/lib64/libsearchclient.so.0.7.7	97	353.90	83.30	78.35	72.49
/usr/lib64/libsecret-1.so.0.0.0	195	239.79	35.65	35.86	29.83
/usr/lib64/libsensors.so.4.3.2	19	169.26	79.16	73.26	98.53
/usr/lib64/libsetproctitle.so.0.3.2	1	104.00	400.00	296.00	952.00
/usr/lib64/libsexy.so.2.0.4	36	236.44	82.67	76.22	82.44
/usr/lib64/libsfftw.so.2.0.7	214	158.13	28.52	31.07	27.21
/usr/lib64/libsfftw_threads.so.2.0.7	13	168.00	86.15	79.38	118.15
/usr/lib64/libsgutils.so.1.0.0	146	159.51	54.03	52.55	50.19
/usr/lib64/libshout2.so.3.2.0	155	169.75	44.80	43.97	40.98
/usr/lib64/libsidl-1.4.0.so	4256	261.78	19.51	22.14	12.63
/usr/lib64/libsidlstub_cxx-1.4.0.so	3176	392.86	24.87	29.78	21.23
/usr/lib64/libsidlstub_f77-1.4.0.so	5464	302.99	18.75	20.26	11.48
/usr/lib64/libsidlstub_f90-1.4.0.so	26596	327.12	30.29	23.11	24.06
/usr/lib64/libsidlstub_java-1.4.0.so	160	270.30	44.30	42.65	37.25
/usr/lib64/libsidlx-1.4.0.so	3062	311.72	18.94	22.67	13.12
/usr/lib64/libsigc-2.0.so.0.0.0	83	282.70	58.22	57.35	54.17
/usr/lib64/libsim-qt.so.0.0.0	2774	260.89	37.86	36.78	32.38
/usr/lib64/libslang.so.1.4.9	631	151.68	44.75	43.16	38.92
/usr/lib64/libslang.so.2.2.4	678	148.87	42.81	40.66	37.42
/usr/lib64/libslp.so.1.0.1	184	139.04	48.52	46.26	44.87
/usr/lib64/libsmbclient.so.0	173	179.65	40.37	36.81	34.59
/usr/lib64/libsmbsharemodes.so.0	8	212.00	117.00	100.00	172.00
/usr/lib64/libsmime3.so	166	236.29	53.78	54.36	48.48
/usr/lib64/libsmpeg-0.4.so.0.1.4	298	207.14	58.23	58.52	53.37
/usr/lib64/libsmumps.so.4.10.0	649	178.39	25.08	21.15	23.88
/usr/lib64/libsmumps_seq.so.4.10.0	649	178.39	25.08	21.15	23.88
/usr/lib64/libsnappy.so.1.1.3	49	259.92	77.71	72.49	74.94
/usr/lib64/libsndfile.so.1.0.25	34	108.24	48.00	45.41	58.12
/usr/lib64/libsofia-sip-ua.so.0.6.0	3488	154.22	32.01	29.74	27.26
/usr/lib64/libsoftokn3.so	4	148.00	166.00	124.00	282.00
/usr/lib64/libsolid.so.4.10.0	487	311.75	42.61	43.58	36.47
/usr/lib64/libsoprano.so.4.3.0	2365	358.24	37.70	37.77	32.36
/usr/lib64/libsopranoclient.so.1.2.0	141	398.30	56.45	55.49	47.94
/usr/lib64/libsopranoindex.so.1.1.0	186	393.55	66.28	65.16	59.78
/usr/lib64/libsopranoserver.so.1.2.0	74	421.95	75.57	71.35	69.19
/usr/lib64/libsoup-2.4.so.1.5.0	602	212.29	41.21	41.09	34.06
/usr/lib64/libsoup-gnome-2.4.so.1.5.0	5	264.00	208.00	177.60	296.00
/usr/lib64/libsource-highlight.so.3.0.1	1340	576.31	55.01	55.28	49.61
/usr/lib64/libsox.so.2.0.0	395	141.97	39.72	37.43	35.50
/usr/lib64/libspandsp.so.2.0.0	854	145.17	34.87	34.61	30.00
/usr/lib64/libspectre.so.1.1.7	81	196.15	51.26	53.04	49.88
/usr/lib64/libspeex.so.1.5.0	57	175.02	51.79	51.51	53.75
/usr/lib64/libspeexdsp.so.1.5.0	58	201.52	56.14	53.93	54.48
/usr/lib64/libspf2.so.2.1.0	131	153.53	46.35	45.56	42.81
/usr/lib64/libspiro.so.0.0.1	16	107.50	82.50	77.00	109.00
/usr/lib64/libspqr.so.1.3.1	144	603.39	77.56	78.06	72.06
/usr/lib64/libsqlite.so.0.8.6	299	150.05	45.70	44.95	41.85
/usr/lib64/libsqlite3.so.0.8.6	908	168.70	39.86	40.63	34.13
/usr/lib64/libsrfftw.so.2.0.7	168	166.14	25.57	26.29	24.57
/usr/lib64/libsrfftw_threads.so.2.0.7	20	242.40	67.60	64.40	85.20
/usr/lib64/libsrs_alt.so.1.0.0	33	116.12	66.18	62.30	75.15
/usr/lib64/libsrtpif.so.0.0.0	7	136.00	118.86	107.43	188.57
/usr/lib64/libssh2.so.1.0.1	124	199.81	50.39	51.94	46.26
/usr/lib64/libssl3.so	73	178.74	71.23	67.51	68.60
/usr/lib64/libssldap60.so.6.0.7	18	165.78	89.33	88.00	111.11
/usr/lib64/libstartup-notification-1.so.0.0.0	102	223.92	55.37	55.92	50.51
/usr/lib64/libstatgrab.so.6.2.3	69	152.23	48.46	48.70	48.46
/usr/lib64/libstdc++.so.5.0.7	3101	350.25	31.31	28.83	28.41
/usr/lib64/libstdc++.so.6.0.17	3635	348.24	31.61	29.09	28.42
/usr/lib64/libstreamanalyzer.so.0.7.7	523	433.73	53.78	53.75	47.27
/usr/lib64/libstreams.so.0.7.7	358	341.59	48.11	48.29	40.78
/usr/lib64/libstrigihtmlgui.so.0.7.7	85	457.60	101.65	92.61	89.13
/usr/lib64/libstrigiqtdbusclient.so.0.7.7	179	373.45	58.55	58.41	52.83
/usr/lib64/libsublime.so.6.0.0	357	343.01	57.79	60.03	50.87
/usr/lib64/libsuitesparseconfig.so.4.0.2	5	136.00	123.20	97.60	222.40
/usr/lib64/libsundials_cvode.so.1.0.0	188	120.55	44.30	42.94	40.89
/usr/lib64/libsundials_cvodes.so.2.0.0	299	132.98	38.56	36.90	34.43
/usr/lib64/libsundials_fnvecparallel.so.0.0.2	53	138.72	51.32	45.89	53.58
/usr/lib64/libsundials_fnvecserial.so.0.0.2	53	129.06	50.26	45.43	53.28
/usr/lib64/libsundials_ida.so.2.0.0	191	118.58	44.57	44.06	42.05
/usr/lib64/libsundials_idas.so.0.0.0	301	127.10	39.10	37.48	35.11
/usr/lib64/libsundials_kinsol.so.1.0.0	163	114.45	45.15	43.93	42.90
/usr/lib64/libsundials_nvecparallel.so.0.0.2	37	152.43	57.51	52.54	63.14
/usr/lib64/libsundials_nvecserial.so.0.0.2	37	138.59	55.57	51.89	62.70
/usr/lib64/libsuperlu_4.0.so.4.2.0	436	96.00	31.32	24.77	27.72
/usr/lib64/libsuperlu_dist_2.4.so.2.5	244	123.57	41.61	36.82	37.48
/usr/lib64/libsvn_client-1.so.0.0.0	186	198.28	42.67	44.04	39.44
/usr/lib64/libsvn_delta-1.so.0.0.0	32	202.50	74.00	73.50	82.25
/usr/lib64/libsvn_diff-1.so.0.0.0	33	188.36	56.73	54.79	65.21
/usr/lib64/libsvn_fs-1.so.0.0.0	102	159.22	46.59	47.37	45.41
/usr/lib64/libsvn_fs_base-1.so.0.0.0	221	221.25	41.30	43.98	36.42
/usr/lib64/libsvn_fs_fs-1.so.0.0.0	141	204.09	46.70	49.30	43.06
/usr/lib64/libsvn_fs_util-1.so.0.0.0	4	196.00	208.00	184.00	334.00
/usr/lib64/libsvn_ra-1.so.0.0.0	59	159.86	53.56	52.61	54.64
/usr/lib64/libsvn_ra_local-1.so.0.0.0	3	162.67	200.00	154.67	362.67
/usr/lib64/libsvn_ra_neon-1.so.0.0.0	60	220.93	63.07	67.87	64.80
/usr/lib64/libsvn_ra_svn-1.so.0.0.0	46	201.22	65.04	68.17	68.35
/usr/lib64/libsvn_repos-1.so.0.0.0	108	195.26	45.11	47.63	44.22
/usr/lib64/libsvn_subr-1.so.0.0.0	616	192.71	44.56	43.35	38.23
/usr/lib64/libsvn_wc-1.so.0.0.0	272	188.71	43.71	45.82	39.09
/usr/lib64/libswscale.so.2.1.0	54	133.04	65.19	59.56	65.48
/usr/lib64/libsybdb.so.5.0.0	153	82.72	35.19	34.20	36.18
/usr/lib64/libsyndication.so.4.10.0	1067	345.91	36.15	36.84	30.87
/usr/lib64/libsz.so.2.0.0	16	146.50	92.00	80.00	113.00
/usr/lib64/libt1.so.5.1.2	369	111.24	45.96	43.99	42.41
/usr/lib64/libt1x.so.5.1.2	10	125.60	105.60	93.60	151.20
/usr/lib64/libtag-extras.so.1.0.0	210	385.79	45.87	46.10	40.88
/usr/lib64/libtag.so.1.12.0	2623	349.54	33.89	35.21	28.98
/usr/lib64/libtag_c.so.0.0.0	38	186.53	74.32	69.47	77.26
/usr/lib64/libtalkfilters.so.1.0.4	315	155.76	22.30	27.43	21.10
/usr/lib64/libtalloc.so.2.0.8	63	160.76	52.83	53.59	53.59
/usr/lib64/libtasn1.so.3.2.0	34	150.59	65.18	62.35	72.47
/usr/lib64/libtaucs.so.0.0.0	301	182.70	36.62	34.34	30.06
/usr/lib64/libtbb.so.2	266	368.12	67.34	66.92	58.32
/usr/lib64/libtbbmalloc.so.2	28	232.57	84.57	76.29	87.71
/usr/lib64/libtbbmalloc_proxy.so.2	20	98.40	64.40	59.20	86.00
/usr/lib64/libtcl8.5.so	803	143.51	38.58	38.70	35.30
/usr/lib64/libtdb.so.1.2.11	67	132.66	48.60	48.84	50.87
/usr/lib64/libtdsS.so.1.0.0	1	176.00	520.00	368.00	1024.00
/usr/lib64/libtdsodbc.so.0.0.0	73	116.16	51.51	48.33	51.18
/usr/lib64/libtemplate.so.1.0.0	244	126.92	45.44	42.62	40.85
/usr/lib64/libtheora.so.0.3.10	27	165.63	64.59	60.44	75.26
/usr/lib64/libtheoradec.so.1.1.4	42	150.86	52.00	49.52	55.81
/usr/lib64/libtheoraenc.so.1.1.2	14	154.86	98.29	84.57	124.00
/usr/lib64/libthreadweaver.so.4.10.0	200	357.68	52.60	53.56	47.64
/usr/lib64/libtic.so.5.7	36	129.33	61.78	61.78	71.78
/usr/lib64/libtidy-0.99.so.0.0.0	770	121.89	37.08	36.15	34.01
/usr/lib64/libtidyp-1.04.so.0.0.0	682	156.61	38.43	38.28	34.96
/usr/lib64/libtiff.so.4.3.3	161	134.96	48.45	45.66	44.67
/usr/lib64/libtiff.so.5.2.0	180	135.69	45.73	43.24	41.82
/usr/lib64/libtiger.so.5.0.2	20	239.60	90.40	88.80	106.80
/usr/lib64/libtimidity-0.1.so.0.0.0	56	123.29	60.29	57.29	61.00
/usr/lib64/libtk8.5.so	445	141.56	43.33	43.83	39.93
/usr/lib64/libtmglib.so.4.2.0	84	63.14	22.76	20.29	28.57
/usr/lib64/libtmpe.so.1.3.0	127	119.87	41.01	40.63	40.44
/usr/lib64/libtokyocabinet.so.9.10.0	777	98.03	25.87	23.23	23.95
/usr/lib64/libtokyotyrant.so.3.23.0	146	104.00	37.10	36.00	36.44
/usr/lib64/libtqt.so.4.2.0	8	146.00	118.00	92.00	171.00
/usr/lib64/libtranslate.so.0.0.0	58	215.31	55.59	52.97	54.07
/usr/lib64/libtuxcap.so.4.0	2190	360.22	48.94	48.83	41.53
/usr/lib64/libtwolame.so.0.0.0	123	159.09	48.85	45.92	44.29
/usr/lib64/libucil.so.2.1.11	64	160.62	58.25	53.62	57.88
/usr/lib64/libudf.so.0.0.0	41	142.24	71.41	66.15	75.71
/usr/lib64/libudisks2.so.0.0.0	580	264.88	32.62	32.62	26.22
/usr/lib64/libulockmgr.so.1.0.1	1	96.00	416.00	288.00	944.00
/usr/lib64/libumfpack.so.5.6.1	323	160.45	27.34	22.27	23.80
/usr/lib64/libunicap.so.2.1.11	61	176.92	54.16	53.25	55.08
/usr/lib64/libunimrcpclient.so.0.0.0	569	215.20	40.31	40.04	32.90
/usr/lib64/libunimrcpserver.so.0.0.0	569	211.77	40.45	40.00	33.25
/usr/lib64/libunique-1.0.so.0.100.6	49	217.31	62.69	59.27	60.73
/usr/lib64/libunistring.so.0.1.2	620	159.16	38.15	36.48	33.51
/usr/lib64/libupsclient.so.1.1.0	24	118.67	59.67	56.00	75.67
/usr/lib64/libusbmuxd.so.1.0.8	29	128.00	66.76	65.38	78.34
/usr/lib64/libutempter.so.1.1.6	7	155.43	122.29	101.71	187.43
/usr/lib64/libuu.so.1	152	103.53	48.63	46.37	46.26
/usr/lib64/libv4l1.so.0	7	83.43	96.00	76.57	165.71
/usr/lib64/libv4l2.so.0	11	97.45	81.45	69.82	121.45
/usr/lib64/libv4lconvert.so.0	16	197.50	92.00	84.50	114.50
/usr/lib64/libv8.so.3	496	351.85	70.60	72.10	63.56
/usr/lib64/libva-egl.so.1.3300.0	12	180.00	116.00	105.33	150.67
/usr/lib64/libva-glx.so.1.3300.0	5	147.20	161.60	137.60	260.80
/usr/lib64/libva-tpi.so.1.3300.0	5	193.60	168.00	132.80	256.00
/usr/lib64/libva-x11.so.1.3300.0	21	159.62	99.81	92.19	114.29
/usr/lib64/libva.so.1.3300.0	89	148.58	48.99	47.91	48.81
/usr/lib64/libvamp-hostsdk.so.3.4.0	426	642.23	61.78	61.18	55.36
/usr/lib64/libvamp-sdk.so.2.4.0	116	663.24	99.10	91.24	89.66
/usr/lib64/libvcard.so.0.0.0	867	233.37	22.98	23.17	18.00
/usr/lib64/libvcdinfo.so.0.2.0	245	170.45	44.28	43.53	39.25
/usr/lib64/libvdpau.so.1.0.0	6	144.00	154.67	132.00	230.67
/usr/lib64/libverto-libev.so.1.0.0	4	162.00	166.00	134.00	292.00
/usr/lib64/libverto.so.1.0.0	32	129.75	55.25	54.00	66.00
/usr/lib64/libvga.so.1.9.25	416	165.83	45.35	43.92	39.62
/usr/lib64/libvgagl.so.1.9.25	149	185.88	33.18	35.11	30.87
/usr/lib64/libvhd.so.1.0.0	105	130.97	43.66	43.05	41.83
/usr/lib64/libvhttpd.so.0.1	121	152.46	43.31	41.59	38.81
/usr/lib64/libvirt-qemu.so.0.1000.0	3	197.33	226.67	178.67	386.67
/usr/lib64/libvirt.so.0.1000.0	1997	192.01	39.01	38.37	33.67
/usr/lib64/libvlc.so.5.3.1	239	218.64	41.34	42.51	35.65
/usr/lib64/libvlccore.so.5.1.0	674	140.28	44.78	43.18	40.33
/usr/lib64/libvorbis.so.0.4.6	38	174.53	58.53	57.89	65.05
/usr/lib64/libvorbisenc.so.2.0.9	6	182.67	124.00	100.00	204.00
/usr/lib64/libvorbisfile.so.3.3.5	36	108.22	46.67	47.33	57.78
/usr/lib64/libvpx.so.1.2.0	37	172.76	64.65	61.62	70.49
/usr/lib64/libwavpack.so.1.1.4	54	176.44	67.11	62.22	66.96
/usr/lib64/libwayland-client.so.0.1.0	60	159.20	55.33	54.40	57.73
/usr/lib64/libwayland-server.so.0.0.0	109	166.97	48.66	47.93	45.50
/usr/lib64/libwbclient.so.0	70	126.29	52.23	48.34	53.26
/usr/lib64/libwebkitgtk-1.0.so.0.17.5	2335	323.86	44.93	43.95	36.67
/usr/lib64/libwebkitgtk-3.0.so.0.17.5	2335	323.86	44.93	43.95	36.67
/usr/lib64/libwhoson.so.0.0.0	17	136.94	75.29	68.71	97.88
/usr/lib64/libwmf-0.2.so.7.1.0	204	128.16	44.94	42.16	41.22
/usr/lib64/libwmflite-0.2.so.7.0.1	219	115.03	38.03	37.48	35.51
/usr/lib64/libwnck-1.so.22.4.0	188	222.64	46.55	47.57	40.81
/usr/lib64/libwpd-0.9.so.9.0.4	2889	338.94	30.86	29.70	26.48
/usr/lib64/libwpd-stream-0.9.so.9.0.4	128	283.69	65.94	63.38	58.62
/usr/lib64/libwpg-0.2.so.2.0.1	309	356.79	65.17	62.06	55.77
/usr/lib64/libwps-0.2.so.2.0.4	188	349.23	70.68	66.26	60.68
/usr/lib64/libwwwapp.so.0.1.0	147	135.67	47.95	47.24	45.28
/usr/lib64/libwwwcache.so.0.1.0	39	158.77	62.77	58.26	67.08
/usr/lib64/libwwwcore.so.0.1.0	735	156.29	36.02	36.28	32.34
/usr/lib64/libwwwdir.so.0.1.0	16	121.50	79.50	75.00	107.00
/usr/lib64/libwwwfile.so.0.1.0	25	144.00	75.52	71.36	89.28
/usr/lib64/libwwwftp.so.0.1.0	6	137.33	129.33	105.33	208.00
/usr/lib64/libwwwgopher.so.0.1.0	1	104.00	432.00	296.00	952.00
/usr/lib64/libwwwhtml.so.0.1.0	58	158.90	57.66	53.93	57.52
/usr/lib64/libwwwhttp.so.0.1.0	57	140.35	57.12	52.91	56.98
/usr/lib64/libwwwinit.so.0.1.0	8	197.00	114.00	90.00	167.00
/usr/lib64/libwwwmime.so.0.1.0	69	151.19	55.19	51.36	54.26
/usr/lib64/libwwwmux.so.0.1.0	25	159.68	67.52	63.04	80.00
/usr/lib64/libwwwnews.so.0.1.0	14	140.00	90.29	81.14	120.57
/usr/lib64/libwwwssl.so.0.0.0	25	128.32	68.16	58.24	77.76
/usr/lib64/libwwwstream.so.0.1.0	19	108.63	80.84	74.95	101.89
/usr/lib64/libwwwtelnet.so.0.1.0	1	104.00	440.00	296.00	952.00
/usr/lib64/libwwwtrans.so.0.1.0	10	124.00	99.20	84.00	144.80
/usr/lib64/libwwwutils.so.0.1.0	103	135.53	46.29	45.13	45.05
/usr/lib64/libwwwxml.so.0.0.0	56	147.29	61.14	57.00	61.43
/usr/lib64/libwwwzip.so.0.0.0	3	176.00	226.67	170.67	384.00
/usr/lib64/libwx_baseu-2.8.so.0.7.0	3932	266.52	41.08	40.05	36.62
/usr/lib64/libwx_baseu_net-2.8.so.0.7.0	636	234.52	42.45	43.33	38.78
/usr/lib64/libwx_baseu_xml-2.8.so.0.7.0	77	225.35	60.57	57.14	57.66
/usr/lib64/libwx_gtk2u_adv-2.8.so.0.7.0	2030	298.01	43.97	44.40	39.11
/usr/lib64/libwx_gtk2u_aui-2.8.so.0.7.0	945	311.60	49.37	51.60	44.39
/usr/lib64/libwx_gtk2u_core-2.8.so.0.7.0	9868	280.65	37.54	37.05	32.75
/usr/lib64/libwx_gtk2u_fl-2.8.so.0.6.1	1288	290.24	45.46	46.91	40.43
/usr/lib64/libwx_gtk2u_gl-2.8.so.0.7.0	126	272.44	77.21	75.11	70.73
/usr/lib64/libwx_gtk2u_html-2.8.so.0.7.0	1741	294.16	42.78	42.20	39.06
/usr/lib64/libwx_gtk2u_media-2.8.so.0.7.0	199	292.02	67.94	66.85	60.78
/usr/lib64/libwx_gtk2u_mmedia-2.8.so.0.6.1	434	258.99	42.51	42.23	39.56
/usr/lib64/libwx_gtk2u_plot-2.8.so.0.6.1	268	256.78	58.00	57.01	52.96
/usr/lib64/libwx_gtk2u_qa-2.8.so.0.7.0	202	269.23	64.75	62.30	58.30
/usr/lib64/libwx_gtk2u_richtext-2.8.so.0.7.0	1988	360.84	45.64	47.79	42.50
/usr/lib64/libwx_gtk2u_stc-2.8.so.0.6.1	1866	255.24	50.11	50.68	43.32
/usr/lib64/libwx_gtk2u_svg-2.8.so.0.6.1	130	254.22	69.54	69.29	64.00
/usr/lib64/libwx_gtk2u_xrc-2.8.so.0.7.0	1119	290.42	32.48	31.79	27.46
/usr/lib64/libx264.so.120	307	177.72	46.80	45.84	40.81
/usr/lib64/libx86emu.so.1.1	27	140.74	59.56	56.59	71.11
/usr/lib64/libxapian.so.22.5.0	1755	410.00	47.53	47.22	41.19
/usr/lib64/libxblas.so.0	982	130.73	14.38	13.28	12.76
/usr/lib64/libxcb-composite.so.0.0.0	21	297.90	85.71	75.43	94.48
/usr/lib64/libxcb-damage.so.0.0.0	14	186.29	81.71	70.29	109.14
/usr/lib64/libxcb-dpms.so.0.0.0	21	183.62	65.14	56.38	79.62
/usr/lib64/libxcb-dri2.so.0.0.0	62	231.35	50.71	47.74	47.74
/usr/lib64/libxcb-glx.so.0.0.0	520	250.80	26.88	28.03	20.45
/usr/lib64/libxcb-keysyms.so.1.0.0	14	186.29	101.71	90.29	127.43
/usr/lib64/libxcb-randr.so.0.1.0	197	286.66	33.18	35.41	28.22
/usr/lib64/libxcb-record.so.0.0.0	50	241.92	53.12	50.72	51.84
/usr/lib64/libxcb-render.so.0.0.0	154	252.00	39.27	38.75	33.30
/usr/lib64/libxcb-res.so.0.0.0	25	248.32	67.52	57.92	74.56
/usr/lib64/libxcb-screensaver.so.0.0.0	16	263.00	86.00	74.00	104.50
/usr/lib64/libxcb-shape.so.0.0.0	32	214.25	58.75	53.75	66.00
/usr/lib64/libxcb-shm.so.0.0.0	17	173.18	77.65	65.88	96.00
/usr/lib64/libxcb-sync.so.0.0.0	72	213.78	42.22	41.22	40.56
/usr/lib64/libxcb-util.so.1.0.0	26	199.69	81.54	75.69	90.15
/usr/lib64/libxcb-xevie.so.0.0.0	18	182.22	67.11	59.11	85.33
/usr/lib64/libxcb-xf86dri.so.0.0.0	55	306.33	57.75	53.96	52.95
/usr/lib64/libxcb-xfixes.so.0.0.0	93	275.53	43.53	42.06	39.83
/usr/lib64/libxcb-xinerama.so.0.0.0	25	260.80	67.84	60.48	76.80
/usr/lib64/libxcb-xinput.so.0.0.0	239	295.46	34.78	35.65	28.35
/usr/lib64/libxcb-xselinux.so.0.0.0	137	339.74	29.26	32.93	25.34
/usr/lib64/libxcb-xtest.so.0.0.0	11	202.91	98.91	87.27	136.00
/usr/lib64/libxcb-xv.so.0.0.0	114	225.82	36.14	38.11	33.96
/usr/lib64/libxcb-xvmc.so.0.0.0	53	259.32	47.25	46.34	47.09
/usr/lib64/libxcb.so.1.1.0	551	195.73	33.22	32.99	27.28
/usr/lib64/libxdot.so.4.0.0	7	84.57	88.00	68.57	158.86
/usr/lib64/libxenctrl.so.4.0.0	279	167.89	52.87	50.95	46.65
/usr/lib64/libxenguest.so.4.0.0	98	142.45	53.88	54.78	53.14
/usr/lib64/libxenlight.so.1.0.0	174	183.54	47.59	48.28	43.36
/usr/lib64/libxenstore.so.3.0.0	43	125.95	59.53	60.84	67.35
/usr/lib64/libxerces-c.so.28.0	11745	459.70	34.52	36.59	29.95
/usr/lib64/libxerces-depdom.so.28.0	1611	392.72	37.85	39.87	32.04
/usr/lib64/libxf86config.so.6	96	152.33	46.50	45.58	45.33
/usr/lib64/libxfce4kbd-private-2.so.0.0.0	27	255.11	65.78	62.81	75.26
/usr/lib64/libxfce4ui-1.so.0.0.0	48	229.83	74.83	71.83	73.83
/usr/lib64/libxfce4util.so.6.0.0	65	171.45	61.05	58.34	60.18
/usr/lib64/libxfconf-0.so.2.0.0	56	210.57	49.86	47.29	49.71
/usr/lib64/libxine.so.1.30.2	392	165.33	45.45	44.63	40.10
/usr/lib64/libxkbfile.so.1.0.2	90	138.13	59.20	59.02	59.20
/usr/lib64/libxlutil.so.1.0.0	53	162.57	47.09	47.40	51.32
/usr/lib64/libxmi.so.0.1.3	62	129.68	58.71	53.55	57.81
/usr/lib64/libxml++-2.6.so.2.0.7	527	303.76	45.66	46.89	39.27
/usr/lib64/libxml2.so.2.8.0	1697	163.59	37.62	36.40	33.54
/usr/lib64/libxmlrpc++.so.7.27	189	317.76	63.24	60.32	56.93
/usr/lib64/libxmlrpc.so.3.27	125	175.36	43.01	41.79	39.42
/usr/lib64/libxmlrpc_abyss.so.3.27	191	122.85	44.23	43.10	41.21
/usr/lib64/libxmlrpc_client++.so.7.27	356	361.39	45.19	45.24	41.30
/usr/lib64/libxmlrpc_client.so.3.27	63	225.02	61.59	58.03	57.78
/usr/lib64/libxmlrpc_cpp.so.7.27	47	255.66	80.34	78.30	81.02
/usr/lib64/libxmlrpc_packetsocket.so.7.27	58	320.97	86.76	80.28	81.93
/usr/lib64/libxmlrpc_server++.so.7.27	84	255.52	54.38	53.43	52.19
/usr/lib64/libxmlrpc_server.so.3.27	26	217.85	86.46	79.08	93.54
/usr/lib64/libxmlrpc_server_abyss++.so.7.27	82	362.34	76.20	71.12	70.63
/usr/lib64/libxmlrpc_server_abyss.so.3.27	24	248.33	70.33	65.67	82.33
/usr/lib64/libxmlrpc_server_cgi++.so.7.27	19	346.95	130.11	119.16	137.68
/usr/lib64/libxmlrpc_server_cgi.so.3.27	7	182.86	133.71	113.14	196.57
/usr/lib64/libxmlrpc_server_pstream++.so.7.27	76	397.47	60.11	59.05	57.58
/usr/lib64/libxmlrpc_util.so.3.27	39	162.67	65.44	62.97	70.36
/usr/lib64/libxmms.so.1.3.1	129	188.78	50.11	48.68	44.71
/usr/lib64/libxosd.so.2.2.14	28	135.43	64.86	65.43	78.86
/usr/lib64/libxpcom.so	56	152.86	63.43	58.00	62.00
/usr/lib64/libxslt.so.1.1.26	245	165.98	47.87	46.76	43.07
/usr/lib64/libxul.so	1110	401.12	65.70	59.65	57.37
/usr/lib64/libxvidcore.so.4.3	11	137.45	87.27	74.18	128.00
/usr/lib64/liby12m.so.1.0.0	13	62.77	47.38	35.69	85.54
/usr/lib64/libyajl.so.1.0.11	45	136.00	51.73	52.44	57.42
/usr/lib64/libyajl.so.2.0.4	28	127.71	56.29	56.86	70.57
/usr/lib64/libyaml-0.so.2.0.2	58	193.10	56.28	55.17	55.17
/usr/lib64/libyaz.so.3.0.0	4174	149.83	21.19	17.53	19.09
/usr/lib64/libyaz_icu.so.3.0.0	45	171.73	54.58	54.93	58.67
/usr/lib64/libyaz_server.so.3.0.0	39	131.90	61.13	59.49	68.10
/usr/lib64/libyelp.so.0.0.0	142	199.15	50.48	49.13	44.34
/usr/lib64/libzbar.so.0.2.0	119	179.97	43.90	44.44	39.46
/usr/lib64/libzen.so.0.0.0	561	365.22	53.13	50.51	46.50
/usr/lib64/libzip.so.2.1.0	99	132.85	42.99	43.31	41.94
/usr/lib64/libzmumps.so.4.10.0	649	178.39	25.06	21.33	23.91
/usr/lib64/libzmumps_seq.so.4.10.0	649	178.39	25.06	21.33	23.91
/usr/lib64/libzvbi-chains.so.0.0.0	78	176.72	59.38	60.41	59.08
/usr/lib64/libzvbi.so.0.13.1	361	177.62	45.03	44.92	40.11
